#
# There is insufficient memory for the Java Runtime Environment to continue.
# Native memory allocation (malloc) failed to allocate 582192 bytes for Chunk::new
# Possible reasons:
#   The system is out of physical RAM or swap space
#   The process is running with CompressedOops enabled, and the Java Heap may be blocking the growth of the native heap
# Possible solutions:
#   Reduce memory load on the system
#   Increase physical memory or swap space
#   Check if swap backing store is full
#   Decrease Java heap size (-Xmx/-Xms)
#   Decrease number of Java threads
#   Decrease Java thread stack sizes (-Xss)
#   Set larger code cache with -XX:ReservedCodeCacheSize=
#   JVM is running with Unscaled Compressed Oops mode in which the Java heap is
#     placed in the first 4GB address space. The Java Heap base address is the
#     maximum limit for the native heap growth. Please use -XX:HeapBaseMinAddress
#     to set the Java Heap base and to place the Java Heap above 4GB virtual address.
# This output file may be truncated or incomplete.
#
#  Out of Memory Error (allocation.cpp:389), pid=10748, tid=0x0000000000002d34
#
# JRE version: Java(TM) SE Runtime Environment (8.0_211-b12) (build 1.8.0_211-b12)
# Java VM: Java HotSpot(TM) 64-Bit Server VM (25.211-b12 mixed mode windows-amd64 compressed oops)
# Failed to write core dump. Minidumps are not enabled by default on client versions of Windows
#

---------------  T H R E A D  ---------------

Current thread (0x0000000017d64000):  JavaThread "C2 CompilerThread0" daemon [_thread_in_native, id=11572, stack(0x00000000184c0000,0x00000000185c0000)]

Stack: [0x00000000184c0000,0x00000000185c0000]
[error occurred during error reporting (printing stack bounds), id 0xc0000005]

Native frames: (J=compiled Java code, j=interpreted, Vv=VM code, C=native code)


Current CompileTask:
C2:  35147 5074   !   4       sun.net.www.ParseUtil::decode (316 bytes)


---------------  P R O C E S S  ---------------

Java Threads: ( => current thread )
  0x000000001ef32800 JavaThread "HikariPool-1 housekeeper" daemon [_thread_blocked, id=2592, stack(0x0000000024460000,0x0000000024560000)]
  0x000000001ef32000 JavaThread "PostgreSQL-JDBC-SharedTimer-1" daemon [_thread_blocked, id=1660, stack(0x0000000020ef0000,0x0000000020ff0000)]
  0x000000001ef2f800 JavaThread "container-0" [_thread_blocked, id=3048, stack(0x000000001e690000,0x000000001e790000)]
  0x000000001b4b4000 JavaThread "ContainerBackgroundProcessor[StandardEngine[Tomcat]]" daemon [_thread_blocked, id=6840, stack(0x000000001c4d0000,0x000000001c5d0000)]
  0x0000000017ea7800 JavaThread "ReaderThread" [_thread_in_native, id=8808, stack(0x0000000018ac0000,0x0000000018bc0000)]
  0x0000000017de3000 JavaThread "Service Thread" daemon [_thread_blocked, id=7628, stack(0x00000000187c0000,0x00000000188c0000)]
  0x0000000017d69000 JavaThread "C1 CompilerThread2" daemon [_thread_blocked, id=6884, stack(0x00000000186c0000,0x00000000187c0000)]
  0x0000000017ce8800 JavaThread "C2 CompilerThread1" daemon [_thread_in_native, id=10108, stack(0x00000000185c0000,0x00000000186c0000)]
=>0x0000000017d64000 JavaThread "C2 CompilerThread0" daemon [_thread_in_native, id=11572, stack(0x00000000184c0000,0x00000000185c0000)]
  0x0000000015c31000 JavaThread "JDWP Command Reader" daemon [_thread_in_native, id=4076, stack(0x00000000177c0000,0x00000000178c0000)]
  0x0000000015c2f800 JavaThread "JDWP Event Helper Thread" daemon [_thread_blocked, id=6732, stack(0x00000000176c0000,0x00000000177c0000)]
  0x0000000015c1a800 JavaThread "JDWP Transport Listener: dt_socket" daemon [_thread_blocked, id=6460, stack(0x00000000175c0000,0x00000000176c0000)]
  0x0000000015c11800 JavaThread "Attach Listener" daemon [_thread_blocked, id=4740, stack(0x0000000017180000,0x0000000017280000)]
  0x0000000015c1d000 JavaThread "Signal Dispatcher" daemon [_thread_blocked, id=3068, stack(0x0000000017080000,0x0000000017180000)]
  0x0000000015c00000 JavaThread "Finalizer" daemon [_thread_blocked, id=12212, stack(0x0000000016e70000,0x0000000016f70000)]
  0x0000000003446800 JavaThread "Reference Handler" daemon [_thread_blocked, id=10768, stack(0x0000000016d70000,0x0000000016e70000)]
  0x0000000003357800 JavaThread "main" [_thread_in_vm, id=1088, stack(0x0000000003240000,0x0000000003340000)]

Other Threads:
  0x0000000015bd8800 VMThread [stack: 0x0000000016c70000,0x0000000016d70000] [id=9236]
  0x0000000017e2d800 WatcherThread [stack: 0x00000000188c0000,0x00000000189c0000] [id=6516]

VM state:not at safepoint (normal execution)

VM Mutex/Monitor currently owned by a thread: None

heap address: 0x00000000c1e00000, size: 994 MB, Compressed Oops mode: 32-bit
Narrow klass base: 0x0000000000000000, Narrow klass shift: 3
Compressed class space size: 1073741824 Address: 0x0000000100000000

Heap:
 PSYoungGen      total 225280K, used 113515K [0x00000000eb500000, 0x00000000fc280000, 0x0000000100000000)
  eden space 211968K, 48% used [0x00000000eb500000,0x00000000f19931e8,0x00000000f8400000)
  from space 13312K, 79% used [0x00000000f8400000,0x00000000f8e47ad8,0x00000000f9100000)
  to   space 14336K, 0% used [0x00000000fb480000,0x00000000fb480000,0x00000000fc280000)
 ParOldGen       total 60928K, used 29268K [0x00000000c1e00000, 0x00000000c5980000, 0x00000000eb500000)
  object space 60928K, 48% used [0x00000000c1e00000,0x00000000c3a953c0,0x00000000c5980000)
 Metaspace       used 53723K, capacity 55586K, committed 56024K, reserved 1097728K
  class space    used 7294K, capacity 7613K, committed 7680K, reserved 1048576K

Card table byte_map: [0x0000000012a10000,0x0000000012c10000] byte_map_base: 0x0000000012401000

Marking Bits: (ParMarkBitMap*) 0x0000000073bc5ce0
 Begin Bits: [0x0000000013160000, 0x00000000140e8000)
 End Bits:   [0x00000000140e8000, 0x0000000015070000)

Polling page: 0x0000000000fd0000

CodeCache: size=245760Kb used=17063Kb max_used=17183Kb free=228697Kb
 bounds [0x0000000003650000, 0x0000000004740000, 0x0000000012650000]
 total_blobs=4923 nmethods=4423 adapters=418
 compilation: enabled

Compilation events (10 events):
Event: 34.964 Thread 0x0000000017d69000 nmethod 5086 0x00000000040939d0 code [0x0000000004093b60, 0x0000000004093ff8]
Event: 34.964 Thread 0x0000000017d69000 5088       1       java.beans.GenericBeanInfo::getMethodDescriptors (5 bytes)
Event: 34.964 Thread 0x0000000017d69000 nmethod 5088 0x0000000003908a10 code [0x0000000003908b60, 0x0000000003908c70]
Event: 34.965 Thread 0x0000000017d69000 5089       1       java.beans.GenericBeanInfo::getEventSetDescriptors (5 bytes)
Event: 34.965 Thread 0x0000000017d69000 nmethod 5089 0x0000000003c28150 code [0x0000000003c282a0, 0x0000000003c283b0]
Event: 34.965 Thread 0x0000000017d69000 5090       1       java.beans.GenericBeanInfo::getDefaultEventIndex (5 bytes)
Event: 34.965 Thread 0x0000000017d69000 nmethod 5090 0x00000000039c35d0 code [0x00000000039c3720, 0x00000000039c3830]
Event: 34.965 Thread 0x0000000017d69000 5091       1       java.beans.GenericBeanInfo::getDefaultPropertyIndex (5 bytes)
Event: 34.965 Thread 0x0000000017d69000 nmethod 5091 0x000000000377e910 code [0x000000000377ea60, 0x000000000377eb70]
Event: 35.020 Thread 0x0000000017d69000 5092   !   3       org.springframework.beans.factory.support.DefaultListableBeanFactory::doGetBeanNamesForType (601 bytes)

GC Heap History (10 events):
Event: 11.834 GC heap before
{Heap before GC invocations=15 (full 1):
 PSYoungGen      total 128000K, used 126840K [0x00000000eb500000, 0x00000000f6b00000, 0x0000000100000000)
  eden space 116736K, 100% used [0x00000000eb500000,0x00000000f2700000,0x00000000f2700000)
  from space 11264K, 89% used [0x00000000f2700000,0x00000000f30de238,0x00000000f3200000)
  to   space 12288K, 0% used [0x00000000f5f00000,0x00000000f5f00000,0x00000000f6b00000)
 ParOldGen       total 32256K, used 21980K [0x00000000c1e00000, 0x00000000c3d80000, 0x00000000eb500000)
  object space 32256K, 68% used [0x00000000c1e00000,0x00000000c33771e0,0x00000000c3d80000)
 Metaspace       used 30337K, capacity 31478K, committed 31616K, reserved 1077248K
  class space    used 3910K, capacity 4159K, committed 4224K, reserved 1048576K
Event: 11.856 GC heap after
Heap after GC invocations=15 (full 1):
 PSYoungGen      total 172032K, used 8106K [0x00000000eb500000, 0x00000000f6a80000, 0x0000000100000000)
  eden space 160256K, 0% used [0x00000000eb500000,0x00000000eb500000,0x00000000f5180000)
  from space 11776K, 68% used [0x00000000f5f00000,0x00000000f66ea888,0x00000000f6a80000)
  to   space 12800K, 0% used [0x00000000f5180000,0x00000000f5180000,0x00000000f5e00000)
 ParOldGen       total 32256K, used 24628K [0x00000000c1e00000, 0x00000000c3d80000, 0x00000000eb500000)
  object space 32256K, 76% used [0x00000000c1e00000,0x00000000c360d0c0,0x00000000c3d80000)
 Metaspace       used 30337K, capacity 31478K, committed 31616K, reserved 1077248K
  class space    used 3910K, capacity 4159K, committed 4224K, reserved 1048576K
}
Event: 15.758 GC heap before
{Heap before GC invocations=16 (full 1):
 PSYoungGen      total 172032K, used 119370K [0x00000000eb500000, 0x00000000f6a80000, 0x0000000100000000)
  eden space 160256K, 69% used [0x00000000eb500000,0x00000000f21a80f0,0x00000000f5180000)
  from space 11776K, 68% used [0x00000000f5f00000,0x00000000f66ea888,0x00000000f6a80000)
  to   space 12800K, 0% used [0x00000000f5180000,0x00000000f5180000,0x00000000f5e00000)
 ParOldGen       total 32256K, used 24628K [0x00000000c1e00000, 0x00000000c3d80000, 0x00000000eb500000)
  object space 32256K, 76% used [0x00000000c1e00000,0x00000000c360d0c0,0x00000000c3d80000)
 Metaspace       used 33709K, capacity 35318K, committed 35416K, reserved 1079296K
  class space    used 4340K, capacity 4655K, committed 4736K, reserved 1048576K
Event: 15.780 GC heap after
Heap after GC invocations=16 (full 1):
 PSYoungGen      total 173056K, used 5136K [0x00000000eb500000, 0x00000000f9f00000, 0x0000000100000000)
  eden space 160256K, 0% used [0x00000000eb500000,0x00000000eb500000,0x00000000f5180000)
  from space 12800K, 40% used [0x00000000f5180000,0x00000000f5684060,0x00000000f5e00000)
  to   space 12288K, 0% used [0x00000000f9300000,0x00000000f9300000,0x00000000f9f00000)
 ParOldGen       total 32256K, used 27773K [0x00000000c1e00000, 0x00000000c3d80000, 0x00000000eb500000)
  object space 32256K, 86% used [0x00000000c1e00000,0x00000000c391f498,0x00000000c3d80000)
 Metaspace       used 33709K, capacity 35318K, committed 35416K, reserved 1079296K
  class space    used 4340K, capacity 4655K, committed 4736K, reserved 1048576K
}
Event: 15.780 GC heap before
{Heap before GC invocations=17 (full 2):
 PSYoungGen      total 173056K, used 5136K [0x00000000eb500000, 0x00000000f9f00000, 0x0000000100000000)
  eden space 160256K, 0% used [0x00000000eb500000,0x00000000eb500000,0x00000000f5180000)
  from space 12800K, 40% used [0x00000000f5180000,0x00000000f5684060,0x00000000f5e00000)
  to   space 12288K, 0% used [0x00000000f9300000,0x00000000f9300000,0x00000000f9f00000)
 ParOldGen       total 32256K, used 27773K [0x00000000c1e00000, 0x00000000c3d80000, 0x00000000eb500000)
  object space 32256K, 86% used [0x00000000c1e00000,0x00000000c391f498,0x00000000c3d80000)
 Metaspace       used 33709K, capacity 35318K, committed 35416K, reserved 1079296K
  class space    used 4340K, capacity 4655K, committed 4736K, reserved 1048576K
Event: 15.913 GC heap after
Heap after GC invocations=17 (full 2):
 PSYoungGen      total 173056K, used 0K [0x00000000eb500000, 0x00000000f9f00000, 0x0000000100000000)
  eden space 160256K, 0% used [0x00000000eb500000,0x00000000eb500000,0x00000000f5180000)
  from space 12800K, 0% used [0x00000000f5180000,0x00000000f5180000,0x00000000f5e00000)
  to   space 12288K, 0% used [0x00000000f9300000,0x00000000f9300000,0x00000000f9f00000)
 ParOldGen       total 60928K, used 22336K [0x00000000c1e00000, 0x00000000c5980000, 0x00000000eb500000)
  object space 60928K, 36% used [0x00000000c1e00000,0x00000000c33d0260,0x00000000c5980000)
 Metaspace       used 33709K, capacity 35318K, committed 35416K, reserved 1079296K
  class space    used 4340K, capacity 4655K, committed 4736K, reserved 1048576K
}
Event: 26.638 GC heap before
{Heap before GC invocations=18 (full 2):
 PSYoungGen      total 173056K, used 160256K [0x00000000eb500000, 0x00000000f9f00000, 0x0000000100000000)
  eden space 160256K, 100% used [0x00000000eb500000,0x00000000f5180000,0x00000000f5180000)
  from space 12800K, 0% used [0x00000000f5180000,0x00000000f5180000,0x00000000f5e00000)
  to   space 12288K, 0% used [0x00000000f9300000,0x00000000f9300000,0x00000000f9f00000)
 ParOldGen       total 60928K, used 22336K [0x00000000c1e00000, 0x00000000c5980000, 0x00000000eb500000)
  object space 60928K, 36% used [0x00000000c1e00000,0x00000000c33d0260,0x00000000c5980000)
 Metaspace       used 40042K, capacity 41726K, committed 41944K, reserved 1085440K
  class space    used 5070K, capacity 5367K, committed 5376K, reserved 1048576K
Event: 26.653 GC heap after
Heap after GC invocations=18 (full 2):
 PSYoungGen      total 220160K, used 10782K [0x00000000eb500000, 0x00000000f9e00000, 0x0000000100000000)
  eden space 208896K, 0% used [0x00000000eb500000,0x00000000eb500000,0x00000000f8100000)
  from space 11264K, 95% used [0x00000000f9300000,0x00000000f9d87900,0x00000000f9e00000)
  to   space 13312K, 0% used [0x00000000f8400000,0x00000000f8400000,0x00000000f9100000)
 ParOldGen       total 60928K, used 22344K [0x00000000c1e00000, 0x00000000c5980000, 0x00000000eb500000)
  object space 60928K, 36% used [0x00000000c1e00000,0x00000000c33d2260,0x00000000c5980000)
 Metaspace       used 40042K, capacity 41726K, committed 41944K, reserved 1085440K
  class space    used 5070K, capacity 5367K, committed 5376K, reserved 1048576K
}
Event: 32.828 GC heap before
{Heap before GC invocations=19 (full 2):
 PSYoungGen      total 220160K, used 219678K [0x00000000eb500000, 0x00000000f9e00000, 0x0000000100000000)
  eden space 208896K, 100% used [0x00000000eb500000,0x00000000f8100000,0x00000000f8100000)
  from space 11264K, 95% used [0x00000000f9300000,0x00000000f9d87900,0x00000000f9e00000)
  to   space 13312K, 0% used [0x00000000f8400000,0x00000000f8400000,0x00000000f9100000)
 ParOldGen       total 60928K, used 22344K [0x00000000c1e00000, 0x00000000c5980000, 0x00000000eb500000)
  object space 60928K, 36% used [0x00000000c1e00000,0x00000000c33d2260,0x00000000c5980000)
 Metaspace       used 49778K, capacity 51586K, committed 51928K, reserved 1093632K
  class space    used 6701K, capacity 7041K, committed 7168K, reserved 1048576K
Event: 32.849 GC heap after
Heap after GC invocations=19 (full 2):
 PSYoungGen      total 225280K, used 10526K [0x00000000eb500000, 0x00000000fc280000, 0x0000000100000000)
  eden space 211968K, 0% used [0x00000000eb500000,0x00000000eb500000,0x00000000f8400000)
  from space 13312K, 79% used [0x00000000f8400000,0x00000000f8e47ad8,0x00000000f9100000)
  to   space 14336K, 0% used [0x00000000fb480000,0x00000000fb480000,0x00000000fc280000)
 ParOldGen       total 60928K, used 29268K [0x00000000c1e00000, 0x00000000c5980000, 0x00000000eb500000)
  object space 60928K, 48% used [0x00000000c1e00000,0x00000000c3a953c0,0x00000000c5980000)
 Metaspace       used 49778K, capacity 51586K, committed 51928K, reserved 1093632K
  class space    used 6701K, capacity 7041K, committed 7168K, reserved 1048576K
}

Deoptimization events (10 events):
Event: 34.980 Thread 0x0000000003357800 Uncommon trap: reason=unhandled action=none pc=0x0000000003e5e654 method=java.net.URLClassLoader.findClass(Ljava/lang/String;)Ljava/lang/Class; @ 44
Event: 35.017 Thread 0x0000000003357800 Uncommon trap: reason=unhandled action=none pc=0x0000000003e5e654 method=java.net.URLClassLoader.findClass(Ljava/lang/String;)Ljava/lang/Class; @ 44
Event: 35.017 Thread 0x0000000003357800 Uncommon trap: reason=unhandled action=none pc=0x0000000003e5e654 method=java.net.URLClassLoader.findClass(Ljava/lang/String;)Ljava/lang/Class; @ 44
Event: 35.018 Thread 0x0000000003357800 Uncommon trap: reason=unhandled action=none pc=0x0000000003e5e654 method=java.net.URLClassLoader.findClass(Ljava/lang/String;)Ljava/lang/Class; @ 44
Event: 35.019 Thread 0x0000000003357800 Uncommon trap: reason=unhandled action=none pc=0x0000000003e5e654 method=java.net.URLClassLoader.findClass(Ljava/lang/String;)Ljava/lang/Class; @ 44
Event: 35.020 Thread 0x0000000003357800 Uncommon trap: reason=class_check action=maybe_recompile pc=0x0000000004506658 method=org.springframework.beans.factory.support.AbstractBeanFactory.isTypeMatch(Ljava/lang/String;Lorg/springframework/core/ResolvableType;)Z @ 48
Event: 35.022 Thread 0x0000000003357800 Uncommon trap: reason=unhandled action=none pc=0x0000000003e5e654 method=java.net.URLClassLoader.findClass(Ljava/lang/String;)Ljava/lang/Class; @ 44
Event: 35.025 Thread 0x0000000003357800 Uncommon trap: reason=unhandled action=none pc=0x0000000003e5e654 method=java.net.URLClassLoader.findClass(Ljava/lang/String;)Ljava/lang/Class; @ 44
Event: 35.026 Thread 0x0000000003357800 Uncommon trap: reason=unhandled action=none pc=0x0000000003e5e654 method=java.net.URLClassLoader.findClass(Ljava/lang/String;)Ljava/lang/Class; @ 44
Event: 35.027 Thread 0x0000000003357800 Uncommon trap: reason=unhandled action=none pc=0x0000000003e5e654 method=java.net.URLClassLoader.findClass(Ljava/lang/String;)Ljava/lang/Class; @ 44

Classes redefined (0 events):
No events

Internal exceptions (10 events):
Event: 34.967 Thread 0x0000000003357800 Exception <a 'java/lang/ClassNotFoundException': org/springframework/context/ApplicationContextAwareCustomizer> (0x00000000f0d639f0) thrown at [C:\re\workspace\8-2-build-windows-amd64-cygwin\jdk8u211\12973\hotspot\src\share\vm\classfile\systemDictionary.c
Event: 34.968 Thread 0x0000000003357800 Exception <a 'java/lang/ClassNotFoundException': org/springframework/beans/factory/AwareCustomizer> (0x00000000f0d80728) thrown at [C:\re\workspace\8-2-build-windows-amd64-cygwin\jdk8u211\12973\hotspot\src\share\vm\classfile\systemDictionary.cpp, line 210
Event: 34.970 Thread 0x0000000003357800 Exception <a 'java/lang/ClassNotFoundException': org/springframework/beans/factory/FactoryBeanCustomizer> (0x00000000f0d9e078) thrown at [C:\re\workspace\8-2-build-windows-amd64-cygwin\jdk8u211\12973\hotspot\src\share\vm\classfile\systemDictionary.cpp, li
Event: 34.972 Thread 0x0000000003357800 Exception <a 'java/lang/ClassNotFoundException': org/springframework/beans/factory/BeanClassLoaderAwareCustomizer> (0x00000000f0dc1840) thrown at [C:\re\workspace\8-2-build-windows-amd64-cygwin\jdk8u211\12973\hotspot\src\share\vm\classfile\systemDictionar
Event: 34.973 Thread 0x0000000003357800 Exception <a 'java/lang/ClassNotFoundException': org/springframework/beans/factory/AwareCustomizer> (0x00000000f0dddf18) thrown at [C:\re\workspace\8-2-build-windows-amd64-cygwin\jdk8u211\12973\hotspot\src\share\vm\classfile\systemDictionary.cpp, line 210
Event: 34.974 Thread 0x0000000003357800 Exception <a 'java/lang/ClassNotFoundException': org/springframework/beans/factory/BeanFactoryAwareCustomizer> (0x00000000f0dfd0f0) thrown at [C:\re\workspace\8-2-build-windows-amd64-cygwin\jdk8u211\12973\hotspot\src\share\vm\classfile\systemDictionary.cp
Event: 34.975 Thread 0x0000000003357800 Exception <a 'java/lang/ClassNotFoundException': org/springframework/beans/factory/AwareCustomizer> (0x00000000f0e19d28) thrown at [C:\re\workspace\8-2-build-windows-amd64-cygwin\jdk8u211\12973\hotspot\src\share\vm\classfile\systemDictionary.cpp, line 210
Event: 34.976 Thread 0x0000000003357800 Exception <a 'java/lang/ClassNotFoundException': org/springframework/beans/factory/InitializingBeanCustomizer> (0x00000000f0e38ef8) thrown at [C:\re\workspace\8-2-build-windows-amd64-cygwin\jdk8u211\12973\hotspot\src\share\vm\classfile\systemDictionary.cp
Event: 34.978 Thread 0x0000000003357800 Exception <a 'java/lang/ClassNotFoundException': org/springframework/beans/factory/DisposableBeanCustomizer> (0x00000000f0e574a0) thrown at [C:\re\workspace\8-2-build-windows-amd64-cygwin\jdk8u211\12973\hotspot\src\share\vm\classfile\systemDictionary.cpp,
Event: 35.024 Thread 0x0000000003357800 Exception <a 'java/lang/NoSuchMethodError': java.lang.Object.lambda$static$0(Ljava/lang/Object;)Lorg/springframework/expression/EvaluationContext;> (0x00000000f0f36df8) thrown at [C:\re\workspace\8-2-build-windows-amd64-cygwin\jdk8u211\12973\hotspot\src\s

Events (10 events):
Event: 35.027 loading class org/springframework/data/mapping/model/SimpleTypeHolder done
Event: 35.027 loading class org/springframework/data/mapping/context/PersistentPropertyPathFactory
Event: 35.027 loading class org/springframework/data/mapping/context/PersistentPropertyPathFactory done
Event: 35.027 Thread 0x0000000003357800 Uncommon trap: trap_request=0xffffffa7 fr.pc=0x0000000003e5e654
Event: 35.027 Thread 0x0000000003357800 DEOPT PACKING pc=0x0000000003e5e654 sp=0x000000000333a870
Event: 35.027 Thread 0x0000000003357800 DEOPT UNPACKING pc=0x000000000369583b sp=0x000000000333a808 mode 2
Event: 35.027 Thread 0x0000000003357800 DEOPT PACKING pc=0x0000000003839ba4 sp=0x000000000333a8b0
Event: 35.027 Thread 0x0000000003357800 DEOPT UNPACKING pc=0x0000000003697890 sp=0x000000000333a6d0 mode 1
Event: 35.027 Thread 0x0000000003357800 DEOPT PACKING pc=0x000000000383993c sp=0x000000000333aa40
Event: 35.027 Thread 0x0000000003357800 DEOPT UNPACKING pc=0x0000000003697890 sp=0x000000000333a860 mode 1


Dynamic libraries:
0x00007ff7dfe60000 - 0x00007ff7dfe97000 	C:\Program Files\Java\jre1.8.0_211\bin\javaw.exe
0x00007ffe78770000 - 0x00007ffe78951000 	C:\WINDOWS\SYSTEM32\ntdll.dll
0x00007ffe76f30000 - 0x00007ffe76fe1000 	C:\WINDOWS\System32\KERNEL32.DLL
0x00007ffe754a0000 - 0x00007ffe75713000 	C:\WINDOWS\System32\KERNELBASE.dll
0x00007ffe76e80000 - 0x00007ffe76f21000 	C:\WINDOWS\System32\ADVAPI32.dll
0x00007ffe75cf0000 - 0x00007ffe75d8e000 	C:\WINDOWS\System32\msvcrt.dll
0x00007ffe767a0000 - 0x00007ffe767fb000 	C:\WINDOWS\System32\sechost.dll
0x00007ffe760c0000 - 0x00007ffe761e4000 	C:\WINDOWS\System32\RPCRT4.dll
0x00007ffe761f0000 - 0x00007ffe76380000 	C:\WINDOWS\System32\USER32.dll
0x00007ffe74b40000 - 0x00007ffe74b60000 	C:\WINDOWS\System32\win32u.dll
0x00007ffe76760000 - 0x00007ffe76788000 	C:\WINDOWS\System32\GDI32.dll
0x00007ffe75a00000 - 0x00007ffe75b91000 	C:\WINDOWS\System32\gdi32full.dll
0x00007ffe75720000 - 0x00007ffe757bf000 	C:\WINDOWS\System32\msvcp_win.dll
0x00007ffe752f0000 - 0x00007ffe753e8000 	C:\WINDOWS\System32\ucrtbase.dll
0x00007ffe60d50000 - 0x00007ffe60fb9000 	C:\WINDOWS\WinSxS\amd64_microsoft.windows.common-controls_6595b64144ccf1df_6.0.17134.885_none_fb42a3473065565f\COMCTL32.dll
0x00007ffe75d90000 - 0x00007ffe760b2000 	C:\WINDOWS\System32\combase.dll
0x00007ffe74b60000 - 0x00007ffe74bd9000 	C:\WINDOWS\System32\bcryptPrimitives.dll
0x00007ffe77150000 - 0x00007ffe7717d000 	C:\WINDOWS\System32\IMM32.DLL
0x0000000073100000 - 0x00000000731d2000 	C:\Program Files\Java\jre1.8.0_211\bin\msvcr100.dll
0x00000000733a0000 - 0x0000000073c45000 	C:\Program Files\Java\jre1.8.0_211\bin\server\jvm.dll
0x00007ffe77140000 - 0x00007ffe77148000 	C:\WINDOWS\System32\PSAPI.DLL
0x00007ffe70d20000 - 0x00007ffe70d43000 	C:\WINDOWS\SYSTEM32\WINMM.dll
0x00007ffe6a9e0000 - 0x00007ffe6a9ea000 	C:\WINDOWS\SYSTEM32\VERSION.dll
0x00007ffe68380000 - 0x00007ffe68389000 	C:\WINDOWS\SYSTEM32\WSOCK32.dll
0x00007ffe76ff0000 - 0x00007ffe7705c000 	C:\WINDOWS\System32\WS2_32.dll
0x00007ffe6eec0000 - 0x00007ffe6eeea000 	C:\WINDOWS\SYSTEM32\winmmbase.dll
0x00007ffe759b0000 - 0x00007ffe759f9000 	C:\WINDOWS\System32\cfgmgr32.dll
0x00007ffe6ed50000 - 0x00007ffe6ed5f000 	C:\Program Files\Java\jre1.8.0_211\bin\verify.dll
0x00007ffe6a560000 - 0x00007ffe6a589000 	C:\Program Files\Java\jre1.8.0_211\bin\java.dll
0x00007ffe6ba80000 - 0x00007ffe6bab5000 	C:\Program Files\Java\jre1.8.0_211\bin\jdwp.dll
0x00007ffe713b0000 - 0x00007ffe713b8000 	C:\Program Files\Java\jre1.8.0_211\bin\npt.dll
0x00007ffe6a480000 - 0x00007ffe6a4a3000 	C:\Program Files\Java\jre1.8.0_211\bin\instrument.dll
0x00007ffe6b3f0000 - 0x00007ffe6b406000 	C:\Program Files\Java\jre1.8.0_211\bin\zip.dll
0x00007ffe77180000 - 0x00007ffe785c0000 	C:\WINDOWS\System32\SHELL32.dll
0x00007ffe76980000 - 0x00007ffe76a29000 	C:\WINDOWS\System32\shcore.dll
0x00007ffe74be0000 - 0x00007ffe752ed000 	C:\WINDOWS\System32\windows.storage.dll
0x00007ffe76420000 - 0x00007ffe76471000 	C:\WINDOWS\System32\shlwapi.dll
0x00007ffe74b20000 - 0x00007ffe74b31000 	C:\WINDOWS\System32\kernel.appcore.dll
0x00007ffe74b00000 - 0x00007ffe74b1f000 	C:\WINDOWS\System32\profapi.dll
0x00007ffe74a90000 - 0x00007ffe74adc000 	C:\WINDOWS\System32\powrprof.dll
0x00007ffe74a80000 - 0x00007ffe74a8a000 	C:\WINDOWS\System32\FLTLIB.DLL
0x00007ffe71370000 - 0x00007ffe71379000 	C:\Program Files\Java\jre1.8.0_211\bin\dt_socket.dll
0x00007ffe623f0000 - 0x00007ffe62406000 	C:\WINDOWS\system32\napinsp.dll
0x00007ffe61f40000 - 0x00007ffe61f5a000 	C:\WINDOWS\system32\pnrpnsp.dll
0x00007ffe71840000 - 0x00007ffe71859000 	C:\WINDOWS\system32\NLAapi.dll
0x00007ffe742a0000 - 0x00007ffe74306000 	C:\WINDOWS\System32\mswsock.dll
0x00007ffe74070000 - 0x00007ffe7412e000 	C:\WINDOWS\SYSTEM32\DNSAPI.dll
0x00007ffe76790000 - 0x00007ffe76798000 	C:\WINDOWS\System32\NSI.dll
0x00007ffe74030000 - 0x00007ffe74068000 	C:\WINDOWS\SYSTEM32\IPHLPAPI.DLL
0x00007ffe6e4a0000 - 0x00007ffe6e4ae000 	C:\WINDOWS\System32\winrnr.dll
0x00007ffe6d340000 - 0x00007ffe6d355000 	C:\WINDOWS\System32\wshbth.dll
0x00007ffe6dd50000 - 0x00007ffe6ddc2000 	C:\WINDOWS\System32\fwpuclnt.dll
0x00007ffe74580000 - 0x00007ffe745a5000 	C:\WINDOWS\SYSTEM32\bcrypt.dll
0x00007ffe6cec0000 - 0x00007ffe6ceca000 	C:\Windows\System32\rasadhlp.dll
0x00007ffe69540000 - 0x00007ffe6955a000 	C:\Program Files\Java\jre1.8.0_211\bin\net.dll
0x00007ffe6d170000 - 0x00007ffe6d339000 	C:\WINDOWS\SYSTEM32\urlmon.dll
0x00007ffe69080000 - 0x00007ffe69326000 	C:\WINDOWS\SYSTEM32\iertutil.dll
0x00007ffe74470000 - 0x00007ffe7447b000 	C:\WINDOWS\SYSTEM32\CRYPTBASE.DLL
0x00007ffe70840000 - 0x00007ffe7084d000 	C:\Program Files\Java\jre1.8.0_211\bin\management.dll
0x00007ffe67db0000 - 0x00007ffe67dc2000 	C:\Program Files\Java\jre1.8.0_211\bin\nio.dll
0x00007ffe74450000 - 0x00007ffe74467000 	C:\WINDOWS\SYSTEM32\CRYPTSP.dll
0x00007ffe73e90000 - 0x00007ffe73ec3000 	C:\WINDOWS\system32\rsaenh.dll
0x00007ffe74980000 - 0x00007ffe749a8000 	C:\WINDOWS\SYSTEM32\USERENV.dll
0x00007ffe6db80000 - 0x00007ffe6db96000 	C:\WINDOWS\SYSTEM32\dhcpcsvc6.DLL
0x00007ffe6db60000 - 0x00007ffe6db7a000 	C:\WINDOWS\SYSTEM32\dhcpcsvc.DLL

VM Arguments:
jvm_args: -agentlib:jdwp=transport=dt_socket,suspend=y,address=localhost:60666 -ea -javaagent:C:\sts-4.2.0.RELEASE\configuration\org.eclipse.osgi\234\0\.cp\lib\javaagent-shaded.jar -Dfile.encoding=UTF-8 
java_command: org.eclipse.jdt.internal.junit.runner.RemoteTestRunner -version 3 -port 60665 -testLoaderClass org.eclipse.jdt.internal.junit4.runner.JUnit4TestLoader -loaderpluginname org.eclipse.jdt.junit4.runtime -classNames com.apptestunitary.person.repository.PersonSaveRepositoryTest
java_class_path (initial): C:\Users\Daniela Lima\Documents\workspace-spring-tool-suite-4-4.2.0.RELEASE\app-test-unitary\target\test-classes;C:\Users\Daniela Lima\Documents\workspace-spring-tool-suite-4-4.2.0.RELEASE\app-test-unitary\target\classes;C:\Users\Daniela Lima\.m2\repository\org\springframework\boot\spring-boot-starter-web\2.1.1.RELEASE\spring-boot-starter-web-2.1.1.RELEASE.jar;C:\Users\Daniela Lima\.m2\repository\org\springframework\boot\spring-boot-starter\2.1.1.RELEASE\spring-boot-starter-2.1.1.RELEASE.jar;C:\Users\Daniela Lima\.m2\repository\org\springframework\boot\spring-boot-starter-logging\2.1.1.RELEASE\spring-boot-starter-logging-2.1.1.RELEASE.jar;C:\Users\Daniela Lima\.m2\repository\ch\qos\logback\logback-classic\1.2.3\logback-classic-1.2.3.jar;C:\Users\Daniela Lima\.m2\repository\ch\qos\logback\logback-core\1.2.3\logback-core-1.2.3.jar;C:\Users\Daniela Lima\.m2\repository\org\apache\logging\log4j\log4j-to-slf4j\2.11.1\log4j-to-slf4j-2.11.1.jar;C:\Users\Daniela Lima\.m2\repository\org\apache\logging\log4j\log4j-api\2.11.1\log4j-api-2.11.1.jar;C:\Users\Daniela Lima\.m2\repository\org\slf4j\jul-to-slf4j\1.7.25\jul-to-slf4j-1.7.25.jar;C:\Users\Daniela Lima\.m2\repository\org\yaml\snakeyaml\1.23\snakeyaml-1.23.jar;C:\Users\Daniela Lima\.m2\repository\org\springframework\boot\spring-boot-starter-json\2.1.1.RELEASE\spring-boot-starter-json-2.1.1.RELEASE.jar;C:\Users\Daniela Lima\.m2\repository\com\fasterxml\jackson\core\jackson-databind\2.9.7\jackson-databind-2.9.7.jar;C:\Users\Daniela Lima\.m2\repository\com\fasterxml\jackson\core\jackson-core\2.9.7\jackson-core-2.9.7.jar;C:\Users\Daniela Lima\.m2\repository\com\fasterxml\jackson\datatype\jackson-datatype-jdk8\2.9.7\jackson-datatype-jdk8-2.9.7.jar;C:\Users\Daniela Lima\.m2\repository\com\fasterxml\jackson\datatype\jackson-datatype-jsr310\2.9.7\jackson-datatype-jsr310-2.9.7.jar;C:\Users\Daniela Lima\.m2\repository\com\fasterxml\jackson\module\jackson-module-parameter-names\2.9.7\jackson-module-paramet
Launcher Type: SUN_STANDARD

Environment Variables:
JAVA_HOME=C:\Program Files\Java\jdk1.8.0_151
JRE_HOME=C:\Program Files\Java\jdk1.8.0_151\jre
CLASSPATH=.;C:\Program Files\Java\jdk1.8.0_151\lib;
PATH=C:/Program Files/Java/jre1.8.0_211/bin/server;C:/Program Files/Java/jre1.8.0_211/bin;C:/Program Files/Java/jre1.8.0_211/lib/amd64;C:\Program Files (x86)\Common Files\Oracle\Java\javapath;C:\ProgramData\Oracle\Java\javapath;C:\Program Files (x86)\Intel\Intel(R) Management Engine Components\iCLS\;C:\Program Files\Intel\Intel(R) Management Engine Components\iCLS\;C:\WINDOWS\system32;C:\WINDOWS;C:\WINDOWS\System32\Wbem;"C:\WINDOWS\System32\WindowsPowerShell\v1.0\;C:\Program Files\Java\jdk1.8.0_151\bin;";C:\Program Files (x86)\Intel\Intel(R) Management Engine Components\DAL;C:\Program Files\Intel\Intel(R) Management Engine Components\DAL;C:\Program Files (x86)\Intel\Intel(R) Management Engine Components\IPT;C:\Program Files\Intel\Intel(R) Management Engine Components\IPT;C:\apache-maven-3.6.0\bin;;C:\WINDOWS\System32\WindowsPowerShell\v1.0\;C:\WINDOWS\System32\OpenSSH\;C:\Users\Daniela Lima\AppData\Local\Microsoft\WindowsApps;;C:\sts-4.2.0.RELEASE;
USERNAME=Daniela Lima
OS=Windows_NT
PROCESSOR_IDENTIFIER=Intel64 Family 6 Model 142 Stepping 10, GenuineIntel



---------------  S Y S T E M  ---------------

OS: Windows 10.0 , 64 bit Build 17134 (10.0.17134.753)

CPU:total 4 (initial active 4) (2 cores per cpu, 2 threads per core) family 6 model 142 stepping 10, cmov, cx8, fxsr, mmx, sse, sse2, sse3, ssse3, sse4.1, sse4.2, popcnt, avx, avx2, aes, clmul, erms, 3dnowpref, lzcnt, ht, tsc, tscinvbit, bmi1, bmi2, adx

Memory: 4k page, physical 4066916k(354768k free), swap 16649828k(5236k free)

vm_info: Java HotSpot(TM) 64-Bit Server VM (25.211-b12) for windows-amd64 JRE (1.8.0_211-b12), built on Apr  1 2019 20:53:26 by "java_re" with MS VC++ 10.0 (VS2010)

time: Sat Jul 13 20:45:21 2019
timezone: Hora oficial do Brasil
elapsed time: 35 seconds (0d 0h 0m 35s)

