#
# There is insufficient memory for the Java Runtime Environment to continue.
# Native memory allocation (malloc) failed to allocate 337936 bytes for Chunk::new
# Possible reasons:
#   The system is out of physical RAM or swap space
#   The process is running with CompressedOops enabled, and the Java Heap may be blocking the growth of the native heap
# Possible solutions:
#   Reduce memory load on the system
#   Increase physical memory or swap space
#   Check if swap backing store is full
#   Decrease Java heap size (-Xmx/-Xms)
#   Decrease number of Java threads
#   Decrease Java thread stack sizes (-Xss)
#   Set larger code cache with -XX:ReservedCodeCacheSize=
#   JVM is running with Unscaled Compressed Oops mode in which the Java heap is
#     placed in the first 4GB address space. The Java Heap base address is the
#     maximum limit for the native heap growth. Please use -XX:HeapBaseMinAddress
#     to set the Java Heap base and to place the Java Heap above 4GB virtual address.
# This output file may be truncated or incomplete.
#
#  Out of Memory Error (allocation.cpp:389), pid=2012, tid=0x0000000000002fd4
#
# JRE version: Java(TM) SE Runtime Environment (8.0_211-b12) (build 1.8.0_211-b12)
# Java VM: Java HotSpot(TM) 64-Bit Server VM (25.211-b12 mixed mode windows-amd64 compressed oops)
# Failed to write core dump. Minidumps are not enabled by default on client versions of Windows
#

---------------  T H R E A D  ---------------

Current thread (0x000000001712b000):  JavaThread "C2 CompilerThread0" daemon [_thread_in_native, id=12244, stack(0x0000000017940000,0x0000000017a40000)]

Stack: [0x0000000017940000,0x0000000017a40000]
[error occurred during error reporting (printing stack bounds), id 0xc0000005]

Native frames: (J=compiled Java code, j=interpreted, Vv=VM code, C=native code)


Current CompileTask:
C2:  12799 2666       4       java.net.URLClassLoader$1::run (5 bytes)


---------------  P R O C E S S  ---------------

Java Threads: ( => current thread )
  0x0000000017468800 JavaThread "ReaderThread" [_thread_in_native, id=9772, stack(0x0000000017e40000,0x0000000017f40000)]
  0x0000000017135800 JavaThread "Service Thread" daemon [_thread_blocked, id=7132, stack(0x0000000017c40000,0x0000000017d40000)]
  0x0000000017135000 JavaThread "C1 CompilerThread2" daemon [_thread_blocked, id=10204, stack(0x0000000017b40000,0x0000000017c40000)]
  0x000000001713d800 JavaThread "C2 CompilerThread1" daemon [_thread_in_native, id=11920, stack(0x0000000017a40000,0x0000000017b40000)]
=>0x000000001712b000 JavaThread "C2 CompilerThread0" daemon [_thread_in_native, id=12244, stack(0x0000000017940000,0x0000000017a40000)]
  0x000000001509f800 JavaThread "JDWP Command Reader" daemon [_thread_in_native, id=8332, stack(0x0000000016c40000,0x0000000016d40000)]
  0x000000001509e000 JavaThread "JDWP Event Helper Thread" daemon [_thread_blocked, id=12148, stack(0x0000000016b40000,0x0000000016c40000)]
  0x0000000015090000 JavaThread "JDWP Transport Listener: dt_socket" daemon [_thread_blocked, id=5032, stack(0x0000000016a40000,0x0000000016b40000)]
  0x0000000015085000 JavaThread "Attach Listener" daemon [_thread_blocked, id=1816, stack(0x0000000016600000,0x0000000016700000)]
  0x0000000015083800 JavaThread "Signal Dispatcher" daemon [_thread_blocked, id=9924, stack(0x0000000016500000,0x0000000016600000)]
  0x0000000015070000 JavaThread "Finalizer" daemon [_thread_blocked, id=7804, stack(0x00000000162f0000,0x00000000163f0000)]
  0x00000000029b7800 JavaThread "Reference Handler" daemon [_thread_blocked, id=5576, stack(0x00000000161f0000,0x00000000162f0000)]
  0x00000000028c6800 JavaThread "main" [_thread_in_native, id=11968, stack(0x00000000027c0000,0x00000000028c0000)]

Other Threads:
  0x0000000015048800 VMThread [stack: 0x00000000160f0000,0x00000000161f0000] [id=6836]
  0x0000000017210000 WatcherThread [stack: 0x0000000017d40000,0x0000000017e40000] [id=5904]

VM state:not at safepoint (normal execution)

VM Mutex/Monitor currently owned by a thread: None

heap address: 0x00000000c1e00000, size: 994 MB, Compressed Oops mode: 32-bit
Narrow klass base: 0x0000000000000000, Narrow klass shift: 3
Compressed class space size: 1073741824 Address: 0x0000000100000000

Heap:
 PSYoungGen      total 109568K, used 23066K [0x00000000eb500000, 0x00000000f2800000, 0x0000000100000000)
  eden space 102400K, 15% used [0x00000000eb500000,0x00000000ec48b498,0x00000000f1900000)
  from space 7168K, 99% used [0x00000000f1900000,0x00000000f1ffb6e0,0x00000000f2000000)
  to   space 6144K, 0% used [0x00000000f2000000,0x00000000f2000000,0x00000000f2600000)
 ParOldGen       total 34304K, used 9884K [0x00000000c1e00000, 0x00000000c3f80000, 0x00000000eb500000)
  object space 34304K, 28% used [0x00000000c1e00000,0x00000000c27a73e0,0x00000000c3f80000)
 Metaspace       used 24987K, capacity 25332K, committed 25520K, reserved 1071104K
  class space    used 3081K, capacity 3195K, committed 3248K, reserved 1048576K

Card table byte_map: [0x0000000011e80000,0x0000000012080000] byte_map_base: 0x0000000011871000

Marking Bits: (ParMarkBitMap*) 0x00000000734d5ce0
 Begin Bits: [0x00000000125d0000, 0x0000000013558000)
 End Bits:   [0x0000000013558000, 0x00000000144e0000)

Polling page: 0x0000000002590000

CodeCache: size=245760Kb used=9726Kb max_used=9726Kb free=236033Kb
 bounds [0x0000000002ac0000, 0x0000000003450000, 0x0000000011ac0000]
 total_blobs=2766 nmethods=2385 adapters=301
 compilation: enabled

Compilation events (10 events):
Event: 12.596 Thread 0x0000000017135000 2721       3       org.springframework.core.type.StandardAnnotationMetadata::isAnnotated (25 bytes)
Event: 12.597 Thread 0x0000000017135000 nmethod 2721 0x0000000003443a50 code [0x0000000003443c80, 0x0000000003444948]
Event: 12.678 Thread 0x0000000017135000 2722       3       sun.reflect.generics.reflectiveObjects.ParameterizedTypeImpl::getRawType (5 bytes)
Event: 12.678 Thread 0x0000000017135000 nmethod 2722 0x0000000003444f90 code [0x00000000034450e0, 0x0000000003445250]
Event: 12.678 Thread 0x0000000017135000 2723       3       org.springframework.beans.factory.support.AbstractBeanDefinition::setRole (6 bytes)
Event: 12.678 Thread 0x0000000017135000 nmethod 2723 0x00000000034452d0 code [0x0000000003445420, 0x0000000003445570]
Event: 12.682 Thread 0x0000000017135000 2724       3       org.springframework.core.AttributeAccessorSupport::getAttribute (17 bytes)
Event: 12.683 Thread 0x0000000017135000 nmethod 2724 0x0000000003445610 code [0x00000000034457a0, 0x0000000003445b18]
Event: 12.683 Thread 0x0000000017135000 2725       3       org.springframework.beans.BeanMetadataAttributeAccessor::getAttribute (22 bytes)
Event: 12.683 Thread 0x0000000017135000 nmethod 2725 0x0000000003445cd0 code [0x0000000003445e80, 0x00000000034463d8]

GC Heap History (10 events):
Event: 4.966 GC heap before
{Heap before GC invocations=8 (full 0):
 PSYoungGen      total 36352K, used 35332K [0x00000000eb500000, 0x00000000efc00000, 0x0000000100000000)
  eden space 32256K, 100% used [0x00000000eb500000,0x00000000ed480000,0x00000000ed480000)
  from space 4096K, 75% used [0x00000000ed480000,0x00000000ed781280,0x00000000ed880000)
  to   space 4096K, 0% used [0x00000000ef800000,0x00000000ef800000,0x00000000efc00000)
 ParOldGen       total 44032K, used 3220K [0x00000000c1e00000, 0x00000000c4900000, 0x00000000eb500000)
  object space 44032K, 7% used [0x00000000c1e00000,0x00000000c21251d0,0x00000000c4900000)
 Metaspace       used 15788K, capacity 15920K, committed 16128K, reserved 1062912K
  class space    used 1919K, capacity 1950K, committed 2048K, reserved 1048576K
Event: 4.972 GC heap after
Heap after GC invocations=8 (full 0):
 PSYoungGen      total 68608K, used 3081K [0x00000000eb500000, 0x00000000efc00000, 0x0000000100000000)
  eden space 64512K, 0% used [0x00000000eb500000,0x00000000eb500000,0x00000000ef400000)
  from space 4096K, 75% used [0x00000000ef800000,0x00000000efb02408,0x00000000efc00000)
  to   space 4096K, 0% used [0x00000000ef400000,0x00000000ef400000,0x00000000ef800000)
 ParOldGen       total 44032K, used 3628K [0x00000000c1e00000, 0x00000000c4900000, 0x00000000eb500000)
  object space 44032K, 8% used [0x00000000c1e00000,0x00000000c218b1d0,0x00000000c4900000)
 Metaspace       used 15788K, capacity 15920K, committed 16128K, reserved 1062912K
  class space    used 1919K, capacity 1950K, committed 2048K, reserved 1048576K
}
Event: 7.564 GC heap before
{Heap before GC invocations=9 (full 0):
 PSYoungGen      total 68608K, used 67593K [0x00000000eb500000, 0x00000000efc00000, 0x0000000100000000)
  eden space 64512K, 100% used [0x00000000eb500000,0x00000000ef400000,0x00000000ef400000)
  from space 4096K, 75% used [0x00000000ef800000,0x00000000efb02408,0x00000000efc00000)
  to   space 4096K, 0% used [0x00000000ef400000,0x00000000ef400000,0x00000000ef800000)
 ParOldGen       total 44032K, used 3628K [0x00000000c1e00000, 0x00000000c4900000, 0x00000000eb500000)
  object space 44032K, 8% used [0x00000000c1e00000,0x00000000c218b1d0,0x00000000c4900000)
 Metaspace       used 19618K, capacity 19822K, committed 20096K, reserved 1067008K
  class space    used 2372K, capacity 2419K, committed 2432K, reserved 1048576K
Event: 7.576 GC heap after
Heap after GC invocations=9 (full 0):
 PSYoungGen      total 68608K, used 4086K [0x00000000eb500000, 0x00000000f2600000, 0x0000000100000000)
  eden space 64512K, 0% used [0x00000000eb500000,0x00000000eb500000,0x00000000ef400000)
  from space 4096K, 99% used [0x00000000ef400000,0x00000000ef7fdb08,0x00000000ef800000)
  to   space 6144K, 0% used [0x00000000f2000000,0x00000000f2000000,0x00000000f2600000)
 ParOldGen       total 44032K, used 7638K [0x00000000c1e00000, 0x00000000c4900000, 0x00000000eb500000)
  object space 44032K, 17% used [0x00000000c1e00000,0x00000000c2575858,0x00000000c4900000)
 Metaspace       used 19618K, capacity 19822K, committed 20096K, reserved 1067008K
  class space    used 2372K, capacity 2419K, committed 2432K, reserved 1048576K
}
Event: 10.160 GC heap before
{Heap before GC invocations=10 (full 0):
 PSYoungGen      total 68608K, used 53086K [0x00000000eb500000, 0x00000000f2600000, 0x0000000100000000)
  eden space 64512K, 75% used [0x00000000eb500000,0x00000000ee4da050,0x00000000ef400000)
  from space 4096K, 99% used [0x00000000ef400000,0x00000000ef7fdb08,0x00000000ef800000)
  to   space 6144K, 0% used [0x00000000f2000000,0x00000000f2000000,0x00000000f2600000)
 ParOldGen       total 44032K, used 7638K [0x00000000c1e00000, 0x00000000c4900000, 0x00000000eb500000)
  object space 44032K, 17% used [0x00000000c1e00000,0x00000000c2575858,0x00000000c4900000)
 Metaspace       used 20956K, capacity 21148K, committed 21296K, reserved 1069056K
  class space    used 2520K, capacity 2583K, committed 2608K, reserved 1048576K
Event: 10.170 GC heap after
Heap after GC invocations=10 (full 0):
 PSYoungGen      total 108544K, used 6142K [0x00000000eb500000, 0x00000000f2800000, 0x0000000100000000)
  eden space 102400K, 0% used [0x00000000eb500000,0x00000000eb500000,0x00000000f1900000)
  from space 6144K, 99% used [0x00000000f2000000,0x00000000f25ff958,0x00000000f2600000)
  to   space 7168K, 0% used [0x00000000f1900000,0x00000000f1900000,0x00000000f2000000)
 ParOldGen       total 44032K, used 8775K [0x00000000c1e00000, 0x00000000c4900000, 0x00000000eb500000)
  object space 44032K, 19% used [0x00000000c1e00000,0x00000000c2691d78,0x00000000c4900000)
 Metaspace       used 20956K, capacity 21148K, committed 21296K, reserved 1069056K
  class space    used 2520K, capacity 2583K, committed 2608K, reserved 1048576K
}
Event: 10.171 GC heap before
{Heap before GC invocations=11 (full 1):
 PSYoungGen      total 108544K, used 6142K [0x00000000eb500000, 0x00000000f2800000, 0x0000000100000000)
  eden space 102400K, 0% used [0x00000000eb500000,0x00000000eb500000,0x00000000f1900000)
  from space 6144K, 99% used [0x00000000f2000000,0x00000000f25ff958,0x00000000f2600000)
  to   space 7168K, 0% used [0x00000000f1900000,0x00000000f1900000,0x00000000f2000000)
 ParOldGen       total 44032K, used 8775K [0x00000000c1e00000, 0x00000000c4900000, 0x00000000eb500000)
  object space 44032K, 19% used [0x00000000c1e00000,0x00000000c2691d78,0x00000000c4900000)
 Metaspace       used 20956K, capacity 21148K, committed 21296K, reserved 1069056K
  class space    used 2520K, capacity 2583K, committed 2608K, reserved 1048576K
Event: 10.230 GC heap after
Heap after GC invocations=11 (full 1):
 PSYoungGen      total 108544K, used 0K [0x00000000eb500000, 0x00000000f2800000, 0x0000000100000000)
  eden space 102400K, 0% used [0x00000000eb500000,0x00000000eb500000,0x00000000f1900000)
  from space 6144K, 0% used [0x00000000f2000000,0x00000000f2000000,0x00000000f2600000)
  to   space 7168K, 0% used [0x00000000f1900000,0x00000000f1900000,0x00000000f2000000)
 ParOldGen       total 34304K, used 9563K [0x00000000c1e00000, 0x00000000c3f80000, 0x00000000eb500000)
  object space 34304K, 27% used [0x00000000c1e00000,0x00000000c2756c48,0x00000000c3f80000)
 Metaspace       used 20956K, capacity 21148K, committed 21296K, reserved 1069056K
  class space    used 2520K, capacity 2583K, committed 2608K, reserved 1048576K
}
Event: 12.238 GC heap before
{Heap before GC invocations=12 (full 1):
 PSYoungGen      total 108544K, used 102400K [0x00000000eb500000, 0x00000000f2800000, 0x0000000100000000)
  eden space 102400K, 100% used [0x00000000eb500000,0x00000000f1900000,0x00000000f1900000)
  from space 6144K, 0% used [0x00000000f2000000,0x00000000f2000000,0x00000000f2600000)
  to   space 7168K, 0% used [0x00000000f1900000,0x00000000f1900000,0x00000000f2000000)
 ParOldGen       total 34304K, used 9563K [0x00000000c1e00000, 0x00000000c3f80000, 0x00000000eb500000)
  object space 34304K, 27% used [0x00000000c1e00000,0x00000000c2756c48,0x00000000c3f80000)
 Metaspace       used 24371K, capacity 24724K, committed 24880K, reserved 1071104K
  class space    used 2991K, capacity 3099K, committed 3120K, reserved 1048576K
Event: 12.250 GC heap after
Heap after GC invocations=12 (full 1):
 PSYoungGen      total 109568K, used 7149K [0x00000000eb500000, 0x00000000f2800000, 0x0000000100000000)
  eden space 102400K, 0% used [0x00000000eb500000,0x00000000eb500000,0x00000000f1900000)
  from space 7168K, 99% used [0x00000000f1900000,0x00000000f1ffb6e0,0x00000000f2000000)
  to   space 6144K, 0% used [0x00000000f2000000,0x00000000f2000000,0x00000000f2600000)
 ParOldGen       total 34304K, used 9884K [0x00000000c1e00000, 0x00000000c3f80000, 0x00000000eb500000)
  object space 34304K, 28% used [0x00000000c1e00000,0x00000000c27a73e0,0x00000000c3f80000)
 Metaspace       used 24371K, capacity 24724K, committed 24880K, reserved 1071104K
  class space    used 2991K, capacity 3099K, committed 3120K, reserved 1048576K
}

Deoptimization events (10 events):
Event: 12.707 Thread 0x00000000028c6800 Uncommon trap: reason=unhandled action=none pc=0x00000000033cdf74 method=java.net.URLClassLoader.findClass(Ljava/lang/String;)Ljava/lang/Class; @ 44
Event: 12.707 Thread 0x00000000028c6800 Uncommon trap: reason=unhandled action=none pc=0x00000000033cdf74 method=java.net.URLClassLoader.findClass(Ljava/lang/String;)Ljava/lang/Class; @ 44
Event: 12.708 Thread 0x00000000028c6800 Uncommon trap: reason=unhandled action=none pc=0x00000000033cdf74 method=java.net.URLClassLoader.findClass(Ljava/lang/String;)Ljava/lang/Class; @ 44
Event: 12.709 Thread 0x00000000028c6800 Uncommon trap: reason=unhandled action=none pc=0x00000000033cdf74 method=java.net.URLClassLoader.findClass(Ljava/lang/String;)Ljava/lang/Class; @ 44
Event: 12.710 Thread 0x00000000028c6800 Uncommon trap: reason=unhandled action=none pc=0x00000000033cdf74 method=java.net.URLClassLoader.findClass(Ljava/lang/String;)Ljava/lang/Class; @ 44
Event: 12.711 Thread 0x00000000028c6800 Uncommon trap: reason=unhandled action=none pc=0x00000000033cdf74 method=java.net.URLClassLoader.findClass(Ljava/lang/String;)Ljava/lang/Class; @ 44
Event: 12.712 Thread 0x00000000028c6800 Uncommon trap: reason=unhandled action=none pc=0x00000000033cdf74 method=java.net.URLClassLoader.findClass(Ljava/lang/String;)Ljava/lang/Class; @ 44
Event: 12.713 Thread 0x00000000028c6800 Uncommon trap: reason=unhandled action=none pc=0x00000000033cdf74 method=java.net.URLClassLoader.findClass(Ljava/lang/String;)Ljava/lang/Class; @ 44
Event: 12.757 Thread 0x00000000028c6800 Uncommon trap: reason=unhandled action=none pc=0x00000000033cdf74 method=java.net.URLClassLoader.findClass(Ljava/lang/String;)Ljava/lang/Class; @ 44
Event: 12.757 Thread 0x00000000028c6800 Uncommon trap: reason=unhandled action=none pc=0x00000000033cdf74 method=java.net.URLClassLoader.findClass(Ljava/lang/String;)Ljava/lang/Class; @ 44

Classes redefined (0 events):
No events

Internal exceptions (10 events):
Event: 12.349 Thread 0x00000000028c6800 Exception <a 'java/lang/ArrayIndexOutOfBoundsException': 40> (0x00000000eb8176e8) thrown at [C:\re\workspace\8-2-build-windows-amd64-cygwin\jdk8u211\12973\hotspot\src\share\vm\interpreter\interpreterRuntime.cpp, line 368]
Event: 12.351 Thread 0x00000000028c6800 Exception <a 'java/lang/ArrayIndexOutOfBoundsException': 133> (0x00000000eb8285c8) thrown at [C:\re\workspace\8-2-build-windows-amd64-cygwin\jdk8u211\12973\hotspot\src\share\vm\interpreter\interpreterRuntime.cpp, line 368]
Event: 12.351 Thread 0x00000000028c6800 Exception <a 'java/lang/ArrayIndexOutOfBoundsException': 113> (0x00000000eb839818) thrown at [C:\re\workspace\8-2-build-windows-amd64-cygwin\jdk8u211\12973\hotspot\src\share\vm\interpreter\interpreterRuntime.cpp, line 368]
Event: 12.354 Thread 0x00000000028c6800 Exception <a 'java/lang/ArrayIndexOutOfBoundsException': 59> (0x00000000eb84ed00) thrown at [C:\re\workspace\8-2-build-windows-amd64-cygwin\jdk8u211\12973\hotspot\src\share\vm\interpreter\interpreterRuntime.cpp, line 368]
Event: 12.354 Thread 0x00000000028c6800 Exception <a 'java/lang/ArrayIndexOutOfBoundsException': 221> (0x00000000eb8514b8) thrown at [C:\re\workspace\8-2-build-windows-amd64-cygwin\jdk8u211\12973\hotspot\src\share\vm\interpreter\interpreterRuntime.cpp, line 368]
Event: 12.355 Thread 0x00000000028c6800 Exception <a 'java/lang/ArrayIndexOutOfBoundsException': 246> (0x00000000eb857298) thrown at [C:\re\workspace\8-2-build-windows-amd64-cygwin\jdk8u211\12973\hotspot\src\share\vm\interpreter\interpreterRuntime.cpp, line 368]
Event: 12.356 Thread 0x00000000028c6800 Exception <a 'java/lang/ArrayIndexOutOfBoundsException': 173> (0x00000000eb85a490) thrown at [C:\re\workspace\8-2-build-windows-amd64-cygwin\jdk8u211\12973\hotspot\src\share\vm\interpreter\interpreterRuntime.cpp, line 368]
Event: 12.399 Thread 0x00000000028c6800 Exception <a 'java/lang/ArrayIndexOutOfBoundsException': 246> (0x00000000ebb18eb8) thrown at [C:\re\workspace\8-2-build-windows-amd64-cygwin\jdk8u211\12973\hotspot\src\share\vm\interpreter\interpreterRuntime.cpp, line 368]
Event: 12.442 Thread 0x00000000028c6800 Exception <a 'java/lang/ArrayIndexOutOfBoundsException': 26> (0x00000000ebcb7548) thrown at [C:\re\workspace\8-2-build-windows-amd64-cygwin\jdk8u211\12973\hotspot\src\share\vm\interpreter\interpreterRuntime.cpp, line 368]
Event: 12.454 Thread 0x00000000028c6800 Exception <a 'java/lang/ArrayIndexOutOfBoundsException': 26> (0x00000000ebcee678) thrown at [C:\re\workspace\8-2-build-windows-amd64-cygwin\jdk8u211\12973\hotspot\src\share\vm\interpreter\interpreterRuntime.cpp, line 368]

Events (10 events):
Event: 12.756 loading class org/springframework/objenesis/Objenesis
Event: 12.756 loading class org/springframework/objenesis/Objenesis done
Event: 12.757 Thread 0x00000000028c6800 Uncommon trap: trap_request=0xffffffa7 fr.pc=0x00000000033cdf74
Event: 12.757 Thread 0x00000000028c6800 DEOPT PACKING pc=0x00000000033cdf74 sp=0x00000000028bac30
Event: 12.757 Thread 0x00000000028c6800 DEOPT UNPACKING pc=0x0000000002b0583b sp=0x00000000028bab28 mode 2
Event: 12.757 loading class org/springframework/objenesis/strategy/InstantiatorStrategy
Event: 12.757 loading class org/springframework/objenesis/strategy/InstantiatorStrategy done
Event: 12.757 Thread 0x00000000028c6800 Uncommon trap: trap_request=0xffffffa7 fr.pc=0x00000000033cdf74
Event: 12.757 Thread 0x00000000028c6800 DEOPT PACKING pc=0x00000000033cdf74 sp=0x00000000028bc350
Event: 12.757 Thread 0x00000000028c6800 DEOPT UNPACKING pc=0x0000000002b0583b sp=0x00000000028bc248 mode 2


Dynamic libraries:
0x00007ff6f1550000 - 0x00007ff6f1587000 	C:\Program Files\Java\jre1.8.0_211\bin\javaw.exe
0x00007ffdc19b0000 - 0x00007ffdc1b91000 	C:\WINDOWS\SYSTEM32\ntdll.dll
0x00007ffdc0960000 - 0x00007ffdc0a11000 	C:\WINDOWS\System32\KERNEL32.DLL
0x00007ffdbe650000 - 0x00007ffdbe8c3000 	C:\WINDOWS\System32\KERNELBASE.dll
0x00007ffdc1640000 - 0x00007ffdc16e1000 	C:\WINDOWS\System32\ADVAPI32.dll
0x00007ffdc0fd0000 - 0x00007ffdc106e000 	C:\WINDOWS\System32\msvcrt.dll
0x00007ffdbeea0000 - 0x00007ffdbeefb000 	C:\WINDOWS\System32\sechost.dll
0x00007ffdc0830000 - 0x00007ffdc0954000 	C:\WINDOWS\System32\RPCRT4.dll
0x00007ffdc16f0000 - 0x00007ffdc1880000 	C:\WINDOWS\System32\USER32.dll
0x00007ffdbe630000 - 0x00007ffdbe650000 	C:\WINDOWS\System32\win32u.dll
0x00007ffdc0a20000 - 0x00007ffdc0a48000 	C:\WINDOWS\System32\GDI32.dll
0x00007ffdbe490000 - 0x00007ffdbe621000 	C:\WINDOWS\System32\gdi32full.dll
0x00007ffdbe9d0000 - 0x00007ffdbea6f000 	C:\WINDOWS\System32\msvcp_win.dll
0x00007ffdbe8d0000 - 0x00007ffdbe9c8000 	C:\WINDOWS\System32\ucrtbase.dll
0x00007ffda42a0000 - 0x00007ffda4509000 	C:\WINDOWS\WinSxS\amd64_microsoft.windows.common-controls_6595b64144ccf1df_6.0.17134.829_none_fb46a5473061b9d5\COMCTL32.dll
0x00007ffdc1070000 - 0x00007ffdc1392000 	C:\WINDOWS\System32\combase.dll
0x00007ffdbedc0000 - 0x00007ffdbee3a000 	C:\WINDOWS\System32\bcryptPrimitives.dll
0x00007ffdc13c0000 - 0x00007ffdc13ed000 	C:\WINDOWS\System32\IMM32.DLL
0x0000000072a10000 - 0x0000000072ae2000 	C:\Program Files\Java\jre1.8.0_211\bin\msvcr100.dll
0x0000000072cb0000 - 0x0000000073555000 	C:\Program Files\Java\jre1.8.0_211\bin\server\jvm.dll
0x00007ffdc0bb0000 - 0x00007ffdc0bb8000 	C:\WINDOWS\System32\PSAPI.DLL
0x00007ffdb5470000 - 0x00007ffdb547a000 	C:\WINDOWS\SYSTEM32\VERSION.dll
0x00007ffdb91a0000 - 0x00007ffdb91c3000 	C:\WINDOWS\SYSTEM32\WINMM.dll
0x00007ffdba780000 - 0x00007ffdba789000 	C:\WINDOWS\SYSTEM32\WSOCK32.dll
0x00007ffdc1910000 - 0x00007ffdc197c000 	C:\WINDOWS\System32\WS2_32.dll
0x00007ffdb5130000 - 0x00007ffdb515a000 	C:\WINDOWS\SYSTEM32\winmmbase.dll
0x00007ffdbea70000 - 0x00007ffdbeab9000 	C:\WINDOWS\System32\cfgmgr32.dll
0x00007ffdba2a0000 - 0x00007ffdba2af000 	C:\Program Files\Java\jre1.8.0_211\bin\verify.dll
0x00007ffdb6af0000 - 0x00007ffdb6b19000 	C:\Program Files\Java\jre1.8.0_211\bin\java.dll
0x00007ffdafe00000 - 0x00007ffdafe35000 	C:\Program Files\Java\jre1.8.0_211\bin\jdwp.dll
0x00007ffdb9ba0000 - 0x00007ffdb9ba8000 	C:\Program Files\Java\jre1.8.0_211\bin\npt.dll
0x00007ffdafc70000 - 0x00007ffdafc93000 	C:\Program Files\Java\jre1.8.0_211\bin\instrument.dll
0x00007ffdba1f0000 - 0x00007ffdba206000 	C:\Program Files\Java\jre1.8.0_211\bin\zip.dll
0x00007ffdbf350000 - 0x00007ffdc0790000 	C:\WINDOWS\System32\SHELL32.dll
0x00007ffdc1590000 - 0x00007ffdc1639000 	C:\WINDOWS\System32\shcore.dll
0x00007ffdbdd80000 - 0x00007ffdbe48d000 	C:\WINDOWS\System32\windows.storage.dll
0x00007ffdc0e80000 - 0x00007ffdc0ed1000 	C:\WINDOWS\System32\shlwapi.dll
0x00007ffdbdd40000 - 0x00007ffdbdd51000 	C:\WINDOWS\System32\kernel.appcore.dll
0x00007ffdbdcd0000 - 0x00007ffdbdcef000 	C:\WINDOWS\System32\profapi.dll
0x00007ffdbdcf0000 - 0x00007ffdbdd3c000 	C:\WINDOWS\System32\powrprof.dll
0x00007ffdbdcc0000 - 0x00007ffdbdcca000 	C:\WINDOWS\System32\FLTLIB.DLL
0x00007ffdb92b0000 - 0x00007ffdb92b9000 	C:\Program Files\Java\jre1.8.0_211\bin\dt_socket.dll
0x00007ffdba280000 - 0x00007ffdba296000 	C:\WINDOWS\system32\napinsp.dll
0x00007ffdba210000 - 0x00007ffdba22a000 	C:\WINDOWS\system32\pnrpnsp.dll
0x00007ffdba150000 - 0x00007ffdba169000 	C:\WINDOWS\system32\NLAapi.dll
0x00007ffdbd4e0000 - 0x00007ffdbd546000 	C:\WINDOWS\System32\mswsock.dll
0x00007ffdbd2b0000 - 0x00007ffdbd36e000 	C:\WINDOWS\SYSTEM32\DNSAPI.dll
0x00007ffdc1880000 - 0x00007ffdc1888000 	C:\WINDOWS\System32\NSI.dll
0x00007ffdbd270000 - 0x00007ffdbd2a8000 	C:\WINDOWS\SYSTEM32\IPHLPAPI.DLL
0x00007ffdba2f0000 - 0x00007ffdba2fe000 	C:\WINDOWS\System32\winrnr.dll
0x00007ffdb61c0000 - 0x00007ffdb61d5000 	C:\WINDOWS\System32\wshbth.dll
0x00007ffdb7ad0000 - 0x00007ffdb7b42000 	C:\WINDOWS\System32\fwpuclnt.dll
0x00007ffdbd7c0000 - 0x00007ffdbd7e5000 	C:\WINDOWS\SYSTEM32\bcrypt.dll
0x00007ffdb79b0000 - 0x00007ffdb79ba000 	C:\Windows\System32\rasadhlp.dll
0x00007ffdb8e10000 - 0x00007ffdb8e2a000 	C:\Program Files\Java\jre1.8.0_211\bin\net.dll
0x00007ffdb63c0000 - 0x00007ffdb6589000 	C:\WINDOWS\SYSTEM32\urlmon.dll
0x00007ffdb4290000 - 0x00007ffdb4536000 	C:\WINDOWS\SYSTEM32\iertutil.dll
0x00007ffdbd6b0000 - 0x00007ffdbd6bb000 	C:\WINDOWS\SYSTEM32\CRYPTBASE.DLL
0x00007ffdb0a20000 - 0x00007ffdb0a2d000 	C:\Program Files\Java\jre1.8.0_211\bin\management.dll
0x00007ffdb6ad0000 - 0x00007ffdb6ae2000 	C:\Program Files\Java\jre1.8.0_211\bin\nio.dll

VM Arguments:
jvm_args: -agentlib:jdwp=transport=dt_socket,suspend=y,address=localhost:53991 -ea -javaagent:C:\sts-4.2.0.RELEASE\configuration\org.eclipse.osgi\234\0\.cp\lib\javaagent-shaded.jar -Dfile.encoding=UTF-8 
java_command: org.eclipse.jdt.internal.junit.runner.RemoteTestRunner -version 3 -port 53990 -testLoaderClass org.eclipse.jdt.internal.junit4.runner.JUnit4TestLoader -loaderpluginname org.eclipse.jdt.junit4.runtime -classNames com.apptestunitary.controller.PersonSaveTest
java_class_path (initial): C:\Users\Daniela Lima\Documents\workspace-spring-tool-suite-4-4.2.0.RELEASE\app-test-unitary\target\test-classes;C:\Users\Daniela Lima\Documents\workspace-spring-tool-suite-4-4.2.0.RELEASE\app-test-unitary\target\classes;C:\Users\Daniela Lima\.m2\repository\org\springframework\boot\spring-boot-starter-web\1.5.21.RELEASE\spring-boot-starter-web-1.5.21.RELEASE.jar;C:\Users\Daniela Lima\.m2\repository\org\springframework\boot\spring-boot-starter\1.5.21.RELEASE\spring-boot-starter-1.5.21.RELEASE.jar;C:\Users\Daniela Lima\.m2\repository\org\springframework\boot\spring-boot-starter-logging\1.5.21.RELEASE\spring-boot-starter-logging-1.5.21.RELEASE.jar;C:\Users\Daniela Lima\.m2\repository\ch\qos\logback\logback-classic\1.1.11\logback-classic-1.1.11.jar;C:\Users\Daniela Lima\.m2\repository\ch\qos\logback\logback-core\1.1.11\logback-core-1.1.11.jar;C:\Users\Daniela Lima\.m2\repository\org\slf4j\jul-to-slf4j\1.7.26\jul-to-slf4j-1.7.26.jar;C:\Users\Daniela Lima\.m2\repository\org\slf4j\log4j-over-slf4j\1.7.26\log4j-over-slf4j-1.7.26.jar;C:\Users\Daniela Lima\.m2\repository\org\yaml\snakeyaml\1.17\snakeyaml-1.17.jar;C:\Users\Daniela Lima\.m2\repository\org\hibernate\hibernate-validator\5.3.6.Final\hibernate-validator-5.3.6.Final.jar;C:\Users\Daniela Lima\.m2\repository\javax\validation\validation-api\1.1.0.Final\validation-api-1.1.0.Final.jar;C:\Users\Daniela Lima\.m2\repository\org\jboss\logging\jboss-logging\3.3.2.Final\jboss-logging-3.3.2.Final.jar;C:\Users\Daniela Lima\.m2\repository\com\fasterxml\classmate\1.3.4\classmate-1.3.4.jar;C:\Users\Daniela Lima\.m2\repository\com\fasterxml\jackson\core\jackson-databind\2.8.11.3\jackson-databind-2.8.11.3.jar;C:\Users\Daniela Lima\.m2\repository\com\fasterxml\jackson\core\jackson-core\2.8.11\jackson-core-2.8.11.jar;C:\Users\Daniela Lima\.m2\repository\org\springframework\spring-web\4.3.24.RELEASE\spring-web-4.3.24.RELEASE.jar;C:\Users\Daniela Lima\.m2\repository\org\springframework\spring-aop\4.3.24.RELEA
Launcher Type: SUN_STANDARD

Environment Variables:
JAVA_HOME=C:\Program Files\Java\jdk1.8.0_151
JRE_HOME=C:\Program Files\Java\jdk1.8.0_151\jre
CLASSPATH=.;C:\Program Files\Java\jdk1.8.0_151\lib;
PATH=C:/Program Files/Java/jre1.8.0_211/bin/server;C:/Program Files/Java/jre1.8.0_211/bin;C:/Program Files/Java/jre1.8.0_211/lib/amd64;C:\Program Files (x86)\Common Files\Oracle\Java\javapath;C:\ProgramData\Oracle\Java\javapath;C:\Program Files (x86)\Intel\Intel(R) Management Engine Components\iCLS\;C:\Program Files\Intel\Intel(R) Management Engine Components\iCLS\;C:\WINDOWS\system32;C:\WINDOWS;C:\WINDOWS\System32\Wbem;"C:\WINDOWS\System32\WindowsPowerShell\v1.0\;C:\Program Files\Java\jdk1.8.0_151\bin;";C:\Program Files (x86)\Intel\Intel(R) Management Engine Components\DAL;C:\Program Files\Intel\Intel(R) Management Engine Components\DAL;C:\Program Files (x86)\Intel\Intel(R) Management Engine Components\IPT;C:\Program Files\Intel\Intel(R) Management Engine Components\IPT;C:\apache-maven-3.6.0\bin;;C:\WINDOWS\System32\WindowsPowerShell\v1.0\;C:\WINDOWS\System32\OpenSSH\;C:\Users\Daniela Lima\AppData\Local\Microsoft\WindowsApps;;C:\sts-4.2.0.RELEASE;
USERNAME=Daniela Lima
OS=Windows_NT
PROCESSOR_IDENTIFIER=Intel64 Family 6 Model 142 Stepping 10, GenuineIntel



---------------  S Y S T E M  ---------------

OS: Windows 10.0 , 64 bit Build 17134 (10.0.17134.753)

CPU:total 4 (initial active 4) (2 cores per cpu, 2 threads per core) family 6 model 142 stepping 10, cmov, cx8, fxsr, mmx, sse, sse2, sse3, ssse3, sse4.1, sse4.2, popcnt, avx, avx2, aes, clmul, erms, 3dnowpref, lzcnt, ht, tsc, tscinvbit, bmi1, bmi2, adx

Memory: 4k page, physical 4066916k(275992k free), swap 16649828k(3276k free)

vm_info: Java HotSpot(TM) 64-Bit Server VM (25.211-b12) for windows-amd64 JRE (1.8.0_211-b12), built on Apr  1 2019 20:53:26 by "java_re" with MS VC++ 10.0 (VS2010)

time: Tue Jun 18 21:56:33 2019
timezone: Hora oficial do Brasil
elapsed time: 12 seconds (0d 0h 0m 12s)

