#
# There is insufficient memory for the Java Runtime Environment to continue.
# Native memory allocation (malloc) failed to allocate 32744 bytes for ChunkPool::allocate
# Possible reasons:
#   The system is out of physical RAM or swap space
#   The process is running with CompressedOops enabled, and the Java Heap may be blocking the growth of the native heap
# Possible solutions:
#   Reduce memory load on the system
#   Increase physical memory or swap space
#   Check if swap backing store is full
#   Decrease Java heap size (-Xmx/-Xms)
#   Decrease number of Java threads
#   Decrease Java thread stack sizes (-Xss)
#   Set larger code cache with -XX:ReservedCodeCacheSize=
#   JVM is running with Unscaled Compressed Oops mode in which the Java heap is
#     placed in the first 4GB address space. The Java Heap base address is the
#     maximum limit for the native heap growth. Please use -XX:HeapBaseMinAddress
#     to set the Java Heap base and to place the Java Heap above 4GB virtual address.
# This output file may be truncated or incomplete.
#
#  Out of Memory Error (allocation.cpp:272), pid=10716, tid=0x0000000000002ea0
#
# JRE version: Java(TM) SE Runtime Environment (8.0_211-b12) (build 1.8.0_211-b12)
# Java VM: Java HotSpot(TM) 64-Bit Server VM (25.211-b12 mixed mode windows-amd64 compressed oops)
# Failed to write core dump. Minidumps are not enabled by default on client versions of Windows
#

---------------  T H R E A D  ---------------

Current thread (0x0000000017c5c000):  JavaThread "C2 CompilerThread0" daemon [_thread_in_native, id=11936, stack(0x00000000183c0000,0x00000000184c0000)]

Stack: [0x00000000183c0000,0x00000000184c0000]
[error occurred during error reporting (printing stack bounds), id 0xc0000005]

Native frames: (J=compiled Java code, j=interpreted, Vv=VM code, C=native code)


Current CompileTask:
C2:  12292 2479       4       org.springframework.asm.ClassReader::accept (1253 bytes)


---------------  P R O C E S S  ---------------

Java Threads: ( => current thread )
  0x0000000017ff1800 JavaThread "ReaderThread" [_thread_in_native, id=9044, stack(0x00000000189c0000,0x0000000018ac0000)]
  0x0000000017ce9800 JavaThread "Service Thread" daemon [_thread_blocked, id=12132, stack(0x00000000186c0000,0x00000000187c0000)]
  0x0000000017c6a800 JavaThread "C1 CompilerThread2" daemon [_thread_blocked, id=8768, stack(0x00000000185c0000,0x00000000186c0000)]
  0x0000000017c5c800 JavaThread "C2 CompilerThread1" daemon [_thread_in_native, id=5116, stack(0x00000000184c0000,0x00000000185c0000)]
=>0x0000000017c5c000 JavaThread "C2 CompilerThread0" daemon [_thread_in_native, id=11936, stack(0x00000000183c0000,0x00000000184c0000)]
  0x0000000015b22800 JavaThread "JDWP Command Reader" daemon [_thread_in_native, id=11140, stack(0x00000000176c0000,0x00000000177c0000)]
  0x0000000015b1f000 JavaThread "JDWP Event Helper Thread" daemon [_thread_blocked, id=5728, stack(0x00000000175c0000,0x00000000176c0000)]
  0x0000000015b11000 JavaThread "JDWP Transport Listener: dt_socket" daemon [_thread_blocked, id=11844, stack(0x00000000174c0000,0x00000000175c0000)]
  0x0000000015b05800 JavaThread "Attach Listener" daemon [_thread_blocked, id=10508, stack(0x0000000017080000,0x0000000017180000)]
  0x0000000015b04000 JavaThread "Signal Dispatcher" daemon [_thread_blocked, id=12120, stack(0x0000000016f80000,0x0000000017080000)]
  0x0000000015af0000 JavaThread "Finalizer" daemon [_thread_blocked, id=9532, stack(0x0000000016d70000,0x0000000016e70000)]
  0x0000000003426000 JavaThread "Reference Handler" daemon [_thread_blocked, id=6680, stack(0x0000000016c70000,0x0000000016d70000)]
  0x0000000003337800 JavaThread "main" [_thread_blocked, id=6908, stack(0x0000000003140000,0x0000000003240000)]

Other Threads:
  0x0000000015ac8000 VMThread [stack: 0x0000000016b70000,0x0000000016c70000] [id=7316]
  0x0000000017d22800 WatcherThread [stack: 0x00000000187c0000,0x00000000188c0000] [id=9976]

VM state:at safepoint (normal execution)

VM Mutex/Monitor currently owned by a thread:  ([mutex/lock_event])
[0x00000000032ee170] Threads_lock - owner thread: 0x0000000015ac8000
[0x0000000003335970] Heap_lock - owner thread: 0x0000000003337800

heap address: 0x00000000c1e00000, size: 994 MB, Compressed Oops mode: 32-bit
Narrow klass base: 0x0000000000000000, Narrow klass shift: 3
Compressed class space size: 1073741824 Address: 0x0000000100000000

Heap:
 PSYoungGen      total 212480K, used 9215K [0x00000000eb500000, 0x00000000ff700000, 0x0000000100000000)
  eden space 203264K, 0% used [0x00000000eb500000,0x00000000eb500000,0x00000000f7b80000)
  from space 9216K, 99% used [0x00000000f7b80000,0x00000000f847ff18,0x00000000f8480000)
  to   space 16384K, 0% used [0x00000000fe700000,0x00000000fe700000,0x00000000ff700000)
 ParOldGen       total 26112K, used 25245K [0x00000000c1e00000, 0x00000000c3780000, 0x00000000eb500000)
  object space 26112K, 96% used [0x00000000c1e00000,0x00000000c36a76a8,0x00000000c3780000)
 Metaspace       used 26754K, capacity 27464K, committed 27648K, reserved 1073152K
  class space    used 3389K, capacity 3568K, committed 3584K, reserved 1048576K

Card table byte_map: [0x0000000012900000,0x0000000012b00000] byte_map_base: 0x00000000122f1000

Marking Bits: (ParMarkBitMap*) 0x0000000073bc5ce0
 Begin Bits: [0x0000000013050000, 0x0000000013fd8000)
 End Bits:   [0x0000000013fd8000, 0x0000000014f60000)

Polling page: 0x00000000013d0000

CodeCache: size=245760Kb used=10884Kb max_used=11194Kb free=234875Kb
 bounds [0x0000000003540000, 0x0000000004040000, 0x0000000012540000]
 total_blobs=2835 nmethods=2429 adapters=326
 compilation: enabled

Compilation events (10 events):
Event: 11.828 Thread 0x0000000017c6a800 2540       3       sun.reflect.ReflectionFactory::newConstructorAccessor (132 bytes)
Event: 11.831 Thread 0x0000000017c6a800 nmethod 2540 0x000000000402db50 code [0x000000000402dec0, 0x000000000402fe58]
Event: 11.837 Thread 0x0000000017c6a800 2542   !   2       java.util.concurrent.CopyOnWriteArrayList::add (59 bytes)
Event: 11.838 Thread 0x0000000017c6a800 nmethod 2542 0x0000000004030e50 code [0x0000000004031000, 0x0000000004031358]
Event: 11.841 Thread 0x0000000017c6a800 2543       1       ch.qos.logback.classic.selector.DefaultContextSelector::getDefaultLoggerContext (5 bytes)
Event: 11.841 Thread 0x0000000017c6a800 nmethod 2543 0x00000000040317d0 code [0x0000000004031920, 0x0000000004031a30]
Event: 11.950 Thread 0x0000000017c6a800 2546   !   2       java.util.concurrent.ConcurrentHashMap::putVal (362 bytes)
Event: 11.953 Thread 0x0000000017c6a800 nmethod 2546 0x0000000004031a90 code [0x0000000004031cc0, 0x0000000004032b78]
Event: 11.961 Thread 0x0000000017c6a800 2547       2       org.springframework.util.StringUtils::collectionToDelimitedString (10 bytes)
Event: 11.961 Thread 0x0000000017c6a800 nmethod 2547 0x000000000365e950 code [0x000000000365eac0, 0x000000000365ec28]

GC Heap History (10 events):
Event: 7.368 GC heap after
Heap after GC invocations=8 (full 0):
 PSYoungGen      total 136192K, used 3679K [0x00000000eb500000, 0x00000000f4100000, 0x0000000100000000)
  eden space 130048K, 0% used [0x00000000eb500000,0x00000000eb500000,0x00000000f3400000)
  from space 6144K, 59% used [0x00000000f3b00000,0x00000000f3e97cc0,0x00000000f4100000)
  to   space 6656K, 0% used [0x00000000f3400000,0x00000000f3400000,0x00000000f3a80000)
 ParOldGen       total 44032K, used 5512K [0x00000000c1e00000, 0x00000000c4900000, 0x00000000eb500000)
  object space 44032K, 12% used [0x00000000c1e00000,0x00000000c23621e0,0x00000000c4900000)
 Metaspace       used 20607K, capacity 21210K, committed 21504K, reserved 1069056K
  class space    used 2624K, capacity 2767K, committed 2816K, reserved 1048576K
}
Event: 7.406 GC heap before
{Heap before GC invocations=9 (full 0):
 PSYoungGen      total 136192K, used 11338K [0x00000000eb500000, 0x00000000f4100000, 0x0000000100000000)
  eden space 130048K, 5% used [0x00000000eb500000,0x00000000ebc7ac58,0x00000000f3400000)
  from space 6144K, 59% used [0x00000000f3b00000,0x00000000f3e97cc0,0x00000000f4100000)
  to   space 6656K, 0% used [0x00000000f3400000,0x00000000f3400000,0x00000000f3a80000)
 ParOldGen       total 44032K, used 5512K [0x00000000c1e00000, 0x00000000c4900000, 0x00000000eb500000)
  object space 44032K, 12% used [0x00000000c1e00000,0x00000000c23621e0,0x00000000c4900000)
 Metaspace       used 20954K, capacity 21500K, committed 21628K, reserved 1069056K
  class space    used 2654K, capacity 2800K, committed 2816K, reserved 1048576K
Event: 7.414 GC heap after
Heap after GC invocations=9 (full 0):
 PSYoungGen      total 136704K, used 1522K [0x00000000eb500000, 0x00000000f8d80000, 0x0000000100000000)
  eden space 130048K, 0% used [0x00000000eb500000,0x00000000eb500000,0x00000000f3400000)
  from space 6656K, 22% used [0x00000000f3400000,0x00000000f357cb18,0x00000000f3a80000)
  to   space 6656K, 0% used [0x00000000f8700000,0x00000000f8700000,0x00000000f8d80000)
 ParOldGen       total 44032K, used 6772K [0x00000000c1e00000, 0x00000000c4900000, 0x00000000eb500000)
  object space 44032K, 15% used [0x00000000c1e00000,0x00000000c249d3c8,0x00000000c4900000)
 Metaspace       used 20954K, capacity 21500K, committed 21628K, reserved 1069056K
  class space    used 2654K, capacity 2800K, committed 2816K, reserved 1048576K
}
Event: 7.414 GC heap before
{Heap before GC invocations=10 (full 1):
 PSYoungGen      total 136704K, used 1522K [0x00000000eb500000, 0x00000000f8d80000, 0x0000000100000000)
  eden space 130048K, 0% used [0x00000000eb500000,0x00000000eb500000,0x00000000f3400000)
  from space 6656K, 22% used [0x00000000f3400000,0x00000000f357cb18,0x00000000f3a80000)
  to   space 6656K, 0% used [0x00000000f8700000,0x00000000f8700000,0x00000000f8d80000)
 ParOldGen       total 44032K, used 6772K [0x00000000c1e00000, 0x00000000c4900000, 0x00000000eb500000)
  object space 44032K, 15% used [0x00000000c1e00000,0x00000000c249d3c8,0x00000000c4900000)
 Metaspace       used 20954K, capacity 21500K, committed 21628K, reserved 1069056K
  class space    used 2654K, capacity 2800K, committed 2816K, reserved 1048576K
Event: 7.475 GC heap after
Heap after GC invocations=10 (full 1):
 PSYoungGen      total 136704K, used 0K [0x00000000eb500000, 0x00000000f8d80000, 0x0000000100000000)
  eden space 130048K, 0% used [0x00000000eb500000,0x00000000eb500000,0x00000000f3400000)
  from space 6656K, 0% used [0x00000000f3400000,0x00000000f3400000,0x00000000f3a80000)
  to   space 6656K, 0% used [0x00000000f8700000,0x00000000f8700000,0x00000000f8d80000)
 ParOldGen       total 26112K, used 5177K [0x00000000c1e00000, 0x00000000c3780000, 0x00000000eb500000)
  object space 26112K, 19% used [0x00000000c1e00000,0x00000000c230e788,0x00000000c3780000)
 Metaspace       used 20954K, capacity 21500K, committed 21628K, reserved 1069056K
  class space    used 2654K, capacity 2800K, committed 2816K, reserved 1048576K
}
Event: 8.619 GC heap before
{Heap before GC invocations=11 (full 1):
 PSYoungGen      total 136704K, used 130048K [0x00000000eb500000, 0x00000000f8d80000, 0x0000000100000000)
  eden space 130048K, 100% used [0x00000000eb500000,0x00000000f3400000,0x00000000f3400000)
  from space 6656K, 0% used [0x00000000f3400000,0x00000000f3400000,0x00000000f3a80000)
  to   space 6656K, 0% used [0x00000000f8700000,0x00000000f8700000,0x00000000f8d80000)
 ParOldGen       total 26112K, used 5177K [0x00000000c1e00000, 0x00000000c3780000, 0x00000000eb500000)
  object space 26112K, 19% used [0x00000000c1e00000,0x00000000c230e788,0x00000000c3780000)
 Metaspace       used 24786K, capacity 25376K, committed 25600K, reserved 1071104K
  class space    used 3142K, capacity 3294K, committed 3328K, reserved 1048576K
Event: 8.635 GC heap after
Heap after GC invocations=11 (full 1):
 PSYoungGen      total 204288K, used 6646K [0x00000000eb500000, 0x00000000f8d80000, 0x0000000100000000)
  eden space 197632K, 0% used [0x00000000eb500000,0x00000000eb500000,0x00000000f7600000)
  from space 6656K, 99% used [0x00000000f8700000,0x00000000f8d7d980,0x00000000f8d80000)
  to   space 9216K, 0% used [0x00000000f7b80000,0x00000000f7b80000,0x00000000f8480000)
 ParOldGen       total 26112K, used 9507K [0x00000000c1e00000, 0x00000000c3780000, 0x00000000eb500000)
  object space 26112K, 36% used [0x00000000c1e00000,0x00000000c2748e28,0x00000000c3780000)
 Metaspace       used 24786K, capacity 25376K, committed 25600K, reserved 1071104K
  class space    used 3142K, capacity 3294K, committed 3328K, reserved 1048576K
}
Event: 12.009 GC heap before
{Heap before GC invocations=12 (full 1):
 PSYoungGen      total 204288K, used 204278K [0x00000000eb500000, 0x00000000f8d80000, 0x0000000100000000)
  eden space 197632K, 100% used [0x00000000eb500000,0x00000000f7600000,0x00000000f7600000)
  from space 6656K, 99% used [0x00000000f8700000,0x00000000f8d7d980,0x00000000f8d80000)
  to   space 9216K, 0% used [0x00000000f7b80000,0x00000000f7b80000,0x00000000f8480000)
 ParOldGen       total 26112K, used 9507K [0x00000000c1e00000, 0x00000000c3780000, 0x00000000eb500000)
  object space 26112K, 36% used [0x00000000c1e00000,0x00000000c2748e28,0x00000000c3780000)
 Metaspace       used 26754K, capacity 27464K, committed 27648K, reserved 1073152K
  class space    used 3389K, capacity 3568K, committed 3584K, reserved 1048576K
Event: 12.069 GC heap after
Heap after GC invocations=12 (full 1):
 PSYoungGen      total 212480K, used 9215K [0x00000000eb500000, 0x00000000ff700000, 0x0000000100000000)
  eden space 203264K, 0% used [0x00000000eb500000,0x00000000eb500000,0x00000000f7b80000)
  from space 9216K, 99% used [0x00000000f7b80000,0x00000000f847ff18,0x00000000f8480000)
  to   space 16384K, 0% used [0x00000000fe700000,0x00000000fe700000,0x00000000ff700000)
 ParOldGen       total 26112K, used 25245K [0x00000000c1e00000, 0x00000000c3780000, 0x00000000eb500000)
  object space 26112K, 96% used [0x00000000c1e00000,0x00000000c36a76a8,0x00000000c3780000)
 Metaspace       used 26754K, capacity 27464K, committed 27648K, reserved 1073152K
  class space    used 3389K, capacity 3568K, committed 3584K, reserved 1048576K
}
Event: 12.069 GC heap before
{Heap before GC invocations=13 (full 2):
 PSYoungGen      total 212480K, used 9215K [0x00000000eb500000, 0x00000000ff700000, 0x0000000100000000)
  eden space 203264K, 0% used [0x00000000eb500000,0x00000000eb500000,0x00000000f7b80000)
  from space 9216K, 99% used [0x00000000f7b80000,0x00000000f847ff18,0x00000000f8480000)
  to   space 16384K, 0% used [0x00000000fe700000,0x00000000fe700000,0x00000000ff700000)
 ParOldGen       total 26112K, used 25245K [0x00000000c1e00000, 0x00000000c3780000, 0x00000000eb500000)
  object space 26112K, 96% used [0x00000000c1e00000,0x00000000c36a76a8,0x00000000c3780000)
 Metaspace       used 26754K, capacity 27464K, committed 27648K, reserved 1073152K
  class space    used 3389K, capacity 3568K, committed 3584K, reserved 1048576K

Deoptimization events (10 events):
Event: 12.002 Thread 0x0000000003337800 Uncommon trap: reason=unhandled action=none pc=0x0000000003fcc02c method=java.net.URLClassLoader.findClass(Ljava/lang/String;)Ljava/lang/Class; @ 44
Event: 12.002 Thread 0x0000000003337800 Uncommon trap: reason=unhandled action=none pc=0x0000000003fcc02c method=java.net.URLClassLoader.findClass(Ljava/lang/String;)Ljava/lang/Class; @ 44
Event: 12.003 Thread 0x0000000003337800 Uncommon trap: reason=unhandled action=none pc=0x0000000003fcc02c method=java.net.URLClassLoader.findClass(Ljava/lang/String;)Ljava/lang/Class; @ 44
Event: 12.003 Thread 0x0000000003337800 Uncommon trap: reason=unhandled action=none pc=0x0000000003fcc02c method=java.net.URLClassLoader.findClass(Ljava/lang/String;)Ljava/lang/Class; @ 44
Event: 12.004 Thread 0x0000000003337800 Uncommon trap: reason=unhandled action=none pc=0x0000000003fcc02c method=java.net.URLClassLoader.findClass(Ljava/lang/String;)Ljava/lang/Class; @ 44
Event: 12.004 Thread 0x0000000003337800 Uncommon trap: reason=unhandled action=none pc=0x0000000003fcc02c method=java.net.URLClassLoader.findClass(Ljava/lang/String;)Ljava/lang/Class; @ 44
Event: 12.005 Thread 0x0000000003337800 Uncommon trap: reason=unhandled action=none pc=0x0000000003fcc02c method=java.net.URLClassLoader.findClass(Ljava/lang/String;)Ljava/lang/Class; @ 44
Event: 12.007 Thread 0x0000000003337800 Uncommon trap: reason=unhandled action=none pc=0x0000000003fcc02c method=java.net.URLClassLoader.findClass(Ljava/lang/String;)Ljava/lang/Class; @ 44
Event: 12.008 Thread 0x0000000003337800 Uncommon trap: reason=unhandled action=none pc=0x0000000003fcc02c method=java.net.URLClassLoader.findClass(Ljava/lang/String;)Ljava/lang/Class; @ 44
Event: 12.008 Thread 0x0000000003337800 Uncommon trap: reason=unhandled action=none pc=0x0000000003fcc02c method=java.net.URLClassLoader.findClass(Ljava/lang/String;)Ljava/lang/Class; @ 44

Classes redefined (0 events):
No events

Internal exceptions (10 events):
Event: 7.514 Thread 0x0000000003337800 Exception <a 'java/lang/NoSuchMethodError': java.lang.Object.lambda$comparing$77a9974f$1(Ljava/util/function/Function;Ljava/lang/Object;Ljava/lang/Object;)I> (0x00000000eb9c3ae0) thrown at [C:\re\workspace\8-2-build-windows-amd64-cygwin\jdk8u211\12973\hot
Event: 7.847 Thread 0x000000001be55000 Exception <a 'java/lang/IncompatibleClassChangeError': Found class java.lang.Object, but interface was expected> (0x00000000efe5d310) thrown at [C:\re\workspace\8-2-build-windows-amd64-cygwin\jdk8u211\12973\hotspot\src\share\vm\interpreter\linkResolver.cp
Event: 8.943 Thread 0x000000001be55000 Exception <a 'java/lang/ArrayIndexOutOfBoundsException': 71> (0x00000000ecc1d598) thrown at [C:\re\workspace\8-2-build-windows-amd64-cygwin\jdk8u211\12973\hotspot\src\share\vm\interpreter\interpreterRuntime.cpp, line 368]
Event: 8.946 Thread 0x000000001be55000 Exception <a 'java/lang/ArrayIndexOutOfBoundsException': 71> (0x00000000ecc20cc8) thrown at [C:\re\workspace\8-2-build-windows-amd64-cygwin\jdk8u211\12973\hotspot\src\share\vm\interpreter\interpreterRuntime.cpp, line 368]
Event: 8.957 Thread 0x000000001be55000 Exception <a 'java/lang/ArrayIndexOutOfBoundsException': 55> (0x00000000ecc4b1f8) thrown at [C:\re\workspace\8-2-build-windows-amd64-cygwin\jdk8u211\12973\hotspot\src\share\vm\interpreter\interpreterRuntime.cpp, line 368]
Event: 8.962 Thread 0x000000001be55000 Exception <a 'java/lang/ArrayIndexOutOfBoundsException': 38> (0x00000000ecc4caa8) thrown at [C:\re\workspace\8-2-build-windows-amd64-cygwin\jdk8u211\12973\hotspot\src\share\vm\interpreter\interpreterRuntime.cpp, line 368]
Event: 9.015 Thread 0x000000001be55000 Exception <a 'java/lang/ArrayIndexOutOfBoundsException': 38> (0x00000000ecc79bf8) thrown at [C:\re\workspace\8-2-build-windows-amd64-cygwin\jdk8u211\12973\hotspot\src\share\vm\interpreter\interpreterRuntime.cpp, line 368]
Event: 9.030 Thread 0x000000001be55000 Exception <a 'java/lang/ArrayIndexOutOfBoundsException': 49> (0x00000000ecc8de68) thrown at [C:\re\workspace\8-2-build-windows-amd64-cygwin\jdk8u211\12973\hotspot\src\share\vm\interpreter\interpreterRuntime.cpp, line 368]
Event: 11.728 Thread 0x0000000003337800 Exception <a 'java/lang/ArrayIndexOutOfBoundsException': 139> (0x00000000f5e729f8) thrown at [C:\re\workspace\8-2-build-windows-amd64-cygwin\jdk8u211\12973\hotspot\src\share\vm\interpreter\interpreterRuntime.cpp, line 368]
Event: 11.728 Thread 0x0000000003337800 Exception <a 'java/lang/ArrayIndexOutOfBoundsException': 111> (0x00000000f5e740f8) thrown at [C:\re\workspace\8-2-build-windows-amd64-cygwin\jdk8u211\12973\hotspot\src\share\vm\interpreter\interpreterRuntime.cpp, line 368]

Events (10 events):
Event: 12.008 loading class org/springframework/boot/autoconfigure/condition/ConditionalOnWebApplication$Type done
Event: 12.008 Thread 0x0000000003337800 Uncommon trap: trap_request=0xffffffa7 fr.pc=0x0000000003fcc02c
Event: 12.008 Thread 0x0000000003337800 DEOPT PACKING pc=0x0000000003fcc02c sp=0x000000000323ccf0
Event: 12.008 Thread 0x0000000003337800 DEOPT UNPACKING pc=0x000000000358583b sp=0x000000000323cbe8 mode 2
Event: 12.008 loading class org/springframework/web/reactive/HandlerResult
Event: 12.008 loading class org/springframework/web/reactive/HandlerResult done
Event: 12.008 Thread 0x0000000003337800 Uncommon trap: trap_request=0xffffffa7 fr.pc=0x0000000003fcc02c
Event: 12.008 Thread 0x0000000003337800 DEOPT PACKING pc=0x0000000003fcc02c sp=0x000000000323dc00
Event: 12.008 Thread 0x0000000003337800 DEOPT UNPACKING pc=0x000000000358583b sp=0x000000000323daf8 mode 2
Event: 12.009 Executing VM operation: ParallelGCFailedAllocation


Dynamic libraries:
0x00007ff7dfe60000 - 0x00007ff7dfe97000 	C:\Program Files\Java\jre1.8.0_211\bin\javaw.exe
0x00007ffe78770000 - 0x00007ffe78951000 	C:\WINDOWS\SYSTEM32\ntdll.dll
0x00007ffe76f30000 - 0x00007ffe76fe1000 	C:\WINDOWS\System32\KERNEL32.DLL
0x00007ffe754a0000 - 0x00007ffe75713000 	C:\WINDOWS\System32\KERNELBASE.dll
0x00007ffe76e80000 - 0x00007ffe76f21000 	C:\WINDOWS\System32\ADVAPI32.dll
0x00007ffe75cf0000 - 0x00007ffe75d8e000 	C:\WINDOWS\System32\msvcrt.dll
0x00007ffe767a0000 - 0x00007ffe767fb000 	C:\WINDOWS\System32\sechost.dll
0x00007ffe760c0000 - 0x00007ffe761e4000 	C:\WINDOWS\System32\RPCRT4.dll
0x00007ffe761f0000 - 0x00007ffe76380000 	C:\WINDOWS\System32\USER32.dll
0x00007ffe74b40000 - 0x00007ffe74b60000 	C:\WINDOWS\System32\win32u.dll
0x00007ffe76760000 - 0x00007ffe76788000 	C:\WINDOWS\System32\GDI32.dll
0x00007ffe75a00000 - 0x00007ffe75b91000 	C:\WINDOWS\System32\gdi32full.dll
0x00007ffe75720000 - 0x00007ffe757bf000 	C:\WINDOWS\System32\msvcp_win.dll
0x00007ffe752f0000 - 0x00007ffe753e8000 	C:\WINDOWS\System32\ucrtbase.dll
0x00007ffe60d50000 - 0x00007ffe60fb9000 	C:\WINDOWS\WinSxS\amd64_microsoft.windows.common-controls_6595b64144ccf1df_6.0.17134.885_none_fb42a3473065565f\COMCTL32.dll
0x00007ffe75d90000 - 0x00007ffe760b2000 	C:\WINDOWS\System32\combase.dll
0x00007ffe74b60000 - 0x00007ffe74bd9000 	C:\WINDOWS\System32\bcryptPrimitives.dll
0x00007ffe77150000 - 0x00007ffe7717d000 	C:\WINDOWS\System32\IMM32.DLL
0x0000000073100000 - 0x00000000731d2000 	C:\Program Files\Java\jre1.8.0_211\bin\msvcr100.dll
0x00000000733a0000 - 0x0000000073c45000 	C:\Program Files\Java\jre1.8.0_211\bin\server\jvm.dll
0x00007ffe77140000 - 0x00007ffe77148000 	C:\WINDOWS\System32\PSAPI.DLL
0x00007ffe70d20000 - 0x00007ffe70d43000 	C:\WINDOWS\SYSTEM32\WINMM.dll
0x00007ffe6a9e0000 - 0x00007ffe6a9ea000 	C:\WINDOWS\SYSTEM32\VERSION.dll
0x00007ffe68380000 - 0x00007ffe68389000 	C:\WINDOWS\SYSTEM32\WSOCK32.dll
0x00007ffe76ff0000 - 0x00007ffe7705c000 	C:\WINDOWS\System32\WS2_32.dll
0x00007ffe6eec0000 - 0x00007ffe6eeea000 	C:\WINDOWS\SYSTEM32\winmmbase.dll
0x00007ffe759b0000 - 0x00007ffe759f9000 	C:\WINDOWS\System32\cfgmgr32.dll
0x00007ffe6ed50000 - 0x00007ffe6ed5f000 	C:\Program Files\Java\jre1.8.0_211\bin\verify.dll
0x00007ffe6a560000 - 0x00007ffe6a589000 	C:\Program Files\Java\jre1.8.0_211\bin\java.dll
0x00007ffe6ba80000 - 0x00007ffe6bab5000 	C:\Program Files\Java\jre1.8.0_211\bin\jdwp.dll
0x00007ffe713b0000 - 0x00007ffe713b8000 	C:\Program Files\Java\jre1.8.0_211\bin\npt.dll
0x00007ffe6e3f0000 - 0x00007ffe6e413000 	C:\Program Files\Java\jre1.8.0_211\bin\instrument.dll
0x00007ffe6b3f0000 - 0x00007ffe6b406000 	C:\Program Files\Java\jre1.8.0_211\bin\zip.dll
0x00007ffe77180000 - 0x00007ffe785c0000 	C:\WINDOWS\System32\SHELL32.dll
0x00007ffe76980000 - 0x00007ffe76a29000 	C:\WINDOWS\System32\shcore.dll
0x00007ffe74be0000 - 0x00007ffe752ed000 	C:\WINDOWS\System32\windows.storage.dll
0x00007ffe76420000 - 0x00007ffe76471000 	C:\WINDOWS\System32\shlwapi.dll
0x00007ffe74b20000 - 0x00007ffe74b31000 	C:\WINDOWS\System32\kernel.appcore.dll
0x00007ffe74b00000 - 0x00007ffe74b1f000 	C:\WINDOWS\System32\profapi.dll
0x00007ffe74a90000 - 0x00007ffe74adc000 	C:\WINDOWS\System32\powrprof.dll
0x00007ffe74a80000 - 0x00007ffe74a8a000 	C:\WINDOWS\System32\FLTLIB.DLL
0x00007ffe71370000 - 0x00007ffe71379000 	C:\Program Files\Java\jre1.8.0_211\bin\dt_socket.dll
0x00007ffe623f0000 - 0x00007ffe62406000 	C:\WINDOWS\system32\napinsp.dll
0x00007ffe61f40000 - 0x00007ffe61f5a000 	C:\WINDOWS\system32\pnrpnsp.dll
0x00007ffe71840000 - 0x00007ffe71859000 	C:\WINDOWS\system32\NLAapi.dll
0x00007ffe742a0000 - 0x00007ffe74306000 	C:\WINDOWS\System32\mswsock.dll
0x00007ffe74070000 - 0x00007ffe7412e000 	C:\WINDOWS\SYSTEM32\DNSAPI.dll
0x00007ffe76790000 - 0x00007ffe76798000 	C:\WINDOWS\System32\NSI.dll
0x00007ffe74030000 - 0x00007ffe74068000 	C:\WINDOWS\SYSTEM32\IPHLPAPI.DLL
0x00007ffe6e4a0000 - 0x00007ffe6e4ae000 	C:\WINDOWS\System32\winrnr.dll
0x00007ffe6d340000 - 0x00007ffe6d355000 	C:\WINDOWS\System32\wshbth.dll
0x00007ffe6dd50000 - 0x00007ffe6ddc2000 	C:\WINDOWS\System32\fwpuclnt.dll
0x00007ffe74580000 - 0x00007ffe745a5000 	C:\WINDOWS\SYSTEM32\bcrypt.dll
0x00007ffe6cec0000 - 0x00007ffe6ceca000 	C:\Windows\System32\rasadhlp.dll
0x00007ffe69540000 - 0x00007ffe6955a000 	C:\Program Files\Java\jre1.8.0_211\bin\net.dll
0x00007ffe6d170000 - 0x00007ffe6d339000 	C:\WINDOWS\SYSTEM32\urlmon.dll
0x00007ffe69080000 - 0x00007ffe69326000 	C:\WINDOWS\SYSTEM32\iertutil.dll
0x00007ffe74470000 - 0x00007ffe7447b000 	C:\WINDOWS\SYSTEM32\CRYPTBASE.DLL
0x00007ffe70840000 - 0x00007ffe7084d000 	C:\Program Files\Java\jre1.8.0_211\bin\management.dll
0x00007ffe67db0000 - 0x00007ffe67dc2000 	C:\Program Files\Java\jre1.8.0_211\bin\nio.dll

VM Arguments:
jvm_args: -agentlib:jdwp=transport=dt_socket,suspend=y,address=localhost:60681 -ea -javaagent:C:\sts-4.2.0.RELEASE\configuration\org.eclipse.osgi\234\0\.cp\lib\javaagent-shaded.jar -Dfile.encoding=UTF-8 
java_command: org.eclipse.jdt.internal.junit.runner.RemoteTestRunner -version 3 -port 60680 -testLoaderClass org.eclipse.jdt.internal.junit4.runner.JUnit4TestLoader -loaderpluginname org.eclipse.jdt.junit4.runtime -classNames com.apptestunitary.person.repository.PersonSaveRepositoryTest
java_class_path (initial): C:\Users\Daniela Lima\Documents\workspace-spring-tool-suite-4-4.2.0.RELEASE\app-test-unitary\target\test-classes;C:\Users\Daniela Lima\Documents\workspace-spring-tool-suite-4-4.2.0.RELEASE\app-test-unitary\target\classes;C:\Users\Daniela Lima\.m2\repository\org\springframework\boot\spring-boot-starter-web\2.1.1.RELEASE\spring-boot-starter-web-2.1.1.RELEASE.jar;C:\Users\Daniela Lima\.m2\repository\org\springframework\boot\spring-boot-starter\2.1.1.RELEASE\spring-boot-starter-2.1.1.RELEASE.jar;C:\Users\Daniela Lima\.m2\repository\org\springframework\boot\spring-boot-starter-logging\2.1.1.RELEASE\spring-boot-starter-logging-2.1.1.RELEASE.jar;C:\Users\Daniela Lima\.m2\repository\ch\qos\logback\logback-classic\1.2.3\logback-classic-1.2.3.jar;C:\Users\Daniela Lima\.m2\repository\ch\qos\logback\logback-core\1.2.3\logback-core-1.2.3.jar;C:\Users\Daniela Lima\.m2\repository\org\apache\logging\log4j\log4j-to-slf4j\2.11.1\log4j-to-slf4j-2.11.1.jar;C:\Users\Daniela Lima\.m2\repository\org\apache\logging\log4j\log4j-api\2.11.1\log4j-api-2.11.1.jar;C:\Users\Daniela Lima\.m2\repository\org\slf4j\jul-to-slf4j\1.7.25\jul-to-slf4j-1.7.25.jar;C:\Users\Daniela Lima\.m2\repository\org\yaml\snakeyaml\1.23\snakeyaml-1.23.jar;C:\Users\Daniela Lima\.m2\repository\org\springframework\boot\spring-boot-starter-json\2.1.1.RELEASE\spring-boot-starter-json-2.1.1.RELEASE.jar;C:\Users\Daniela Lima\.m2\repository\com\fasterxml\jackson\core\jackson-databind\2.9.7\jackson-databind-2.9.7.jar;C:\Users\Daniela Lima\.m2\repository\com\fasterxml\jackson\core\jackson-core\2.9.7\jackson-core-2.9.7.jar;C:\Users\Daniela Lima\.m2\repository\com\fasterxml\jackson\datatype\jackson-datatype-jdk8\2.9.7\jackson-datatype-jdk8-2.9.7.jar;C:\Users\Daniela Lima\.m2\repository\com\fasterxml\jackson\datatype\jackson-datatype-jsr310\2.9.7\jackson-datatype-jsr310-2.9.7.jar;C:\Users\Daniela Lima\.m2\repository\com\fasterxml\jackson\module\jackson-module-parameter-names\2.9.7\jackson-module-paramet
Launcher Type: SUN_STANDARD

Environment Variables:
JAVA_HOME=C:\Program Files\Java\jdk1.8.0_151
JRE_HOME=C:\Program Files\Java\jdk1.8.0_151\jre
CLASSPATH=.;C:\Program Files\Java\jdk1.8.0_151\lib;
PATH=C:/Program Files/Java/jre1.8.0_211/bin/server;C:/Program Files/Java/jre1.8.0_211/bin;C:/Program Files/Java/jre1.8.0_211/lib/amd64;C:\Program Files (x86)\Common Files\Oracle\Java\javapath;C:\ProgramData\Oracle\Java\javapath;C:\Program Files (x86)\Intel\Intel(R) Management Engine Components\iCLS\;C:\Program Files\Intel\Intel(R) Management Engine Components\iCLS\;C:\WINDOWS\system32;C:\WINDOWS;C:\WINDOWS\System32\Wbem;"C:\WINDOWS\System32\WindowsPowerShell\v1.0\;C:\Program Files\Java\jdk1.8.0_151\bin;";C:\Program Files (x86)\Intel\Intel(R) Management Engine Components\DAL;C:\Program Files\Intel\Intel(R) Management Engine Components\DAL;C:\Program Files (x86)\Intel\Intel(R) Management Engine Components\IPT;C:\Program Files\Intel\Intel(R) Management Engine Components\IPT;C:\apache-maven-3.6.0\bin;;C:\WINDOWS\System32\WindowsPowerShell\v1.0\;C:\WINDOWS\System32\OpenSSH\;C:\Users\Daniela Lima\AppData\Local\Microsoft\WindowsApps;;C:\sts-4.2.0.RELEASE;
USERNAME=Daniela Lima
OS=Windows_NT
PROCESSOR_IDENTIFIER=Intel64 Family 6 Model 142 Stepping 10, GenuineIntel



---------------  S Y S T E M  ---------------

OS: Windows 10.0 , 64 bit Build 17134 (10.0.17134.753)

CPU:total 4 (initial active 4) (2 cores per cpu, 2 threads per core) family 6 model 142 stepping 10, cmov, cx8, fxsr, mmx, sse, sse2, sse3, ssse3, sse4.1, sse4.2, popcnt, avx, avx2, aes, clmul, erms, 3dnowpref, lzcnt, ht, tsc, tscinvbit, bmi1, bmi2, adx

Memory: 4k page, physical 4066916k(323756k free), swap 16649828k(5240k free)

vm_info: Java HotSpot(TM) 64-Bit Server VM (25.211-b12) for windows-amd64 JRE (1.8.0_211-b12), built on Apr  1 2019 20:53:26 by "java_re" with MS VC++ 10.0 (VS2010)

time: Sat Jul 13 20:46:32 2019
timezone: Hora oficial do Brasil
elapsed time: 12 seconds (0d 0h 0m 12s)

