#
# There is insufficient memory for the Java Runtime Environment to continue.
# Native memory allocation (malloc) failed to allocate 2568 bytes for AllocateHeap
# Possible reasons:
#   The system is out of physical RAM or swap space
#   The process is running with CompressedOops enabled, and the Java Heap may be blocking the growth of the native heap
# Possible solutions:
#   Reduce memory load on the system
#   Increase physical memory or swap space
#   Check if swap backing store is full
#   Decrease Java heap size (-Xmx/-Xms)
#   Decrease number of Java threads
#   Decrease Java thread stack sizes (-Xss)
#   Set larger code cache with -XX:ReservedCodeCacheSize=
#   JVM is running with Unscaled Compressed Oops mode in which the Java heap is
#     placed in the first 4GB address space. The Java Heap base address is the
#     maximum limit for the native heap growth. Please use -XX:HeapBaseMinAddress
#     to set the Java Heap base and to place the Java Heap above 4GB virtual address.
# This output file may be truncated or incomplete.
#
#  Out of Memory Error (memory/allocation.inline.hpp:61), pid=12488, tid=0x0000000000002b70
#
# JRE version: Java(TM) SE Runtime Environment (8.0_211-b12) (build 1.8.0_211-b12)
# Java VM: Java HotSpot(TM) 64-Bit Server VM (25.211-b12 mixed mode windows-amd64 compressed oops)
# Failed to write core dump. Minidumps are not enabled by default on client versions of Windows
#

---------------  T H R E A D  ---------------

Current thread (0x0000000016cf5000):  JavaThread "C1 CompilerThread2" daemon [_thread_in_vm, id=11120, stack(0x00000000171c0000,0x00000000172c0000)]

Stack: [0x00000000171c0000,0x00000000172c0000]
[error occurred during error reporting (printing stack bounds), id 0xc0000005]

Native frames: (J=compiled Java code, j=interpreted, Vv=VM code, C=native code)


Current CompileTask:
C1:  17184 2758       1       org.springframework.asm.FieldWriter::putFieldInfo (418 bytes)


---------------  P R O C E S S  ---------------

Java Threads: ( => current thread )
  0x0000000017975000 JavaThread "restartedMain" [_thread_blocked, id=5432, stack(0x0000000018410000,0x0000000018510000)]
  0x0000000017aa5000 JavaThread "Thread-1" [_thread_blocked, id=11328, stack(0x0000000018310000,0x0000000018410000)]
  0x0000000017661800 JavaThread "RMI TCP Accept-0" daemon [_thread_in_native, id=9188, stack(0x0000000017dc0000,0x0000000017ec0000)]
  0x000000001765e000 JavaThread "RMI TCP Accept-59663" daemon [_thread_in_native, id=7544, stack(0x0000000017cc0000,0x0000000017dc0000)]
  0x0000000017648000 JavaThread "RMI TCP Accept-0" daemon [_thread_in_native, id=12252, stack(0x0000000017bc0000,0x0000000017cc0000)]
  0x0000000016cfc800 JavaThread "Service Thread" daemon [_thread_blocked, id=12204, stack(0x00000000172c0000,0x00000000173c0000)]
=>0x0000000016cf5000 JavaThread "C1 CompilerThread2" daemon [_thread_in_vm, id=11120, stack(0x00000000171c0000,0x00000000172c0000)]
  0x0000000016ce1000 JavaThread "C2 CompilerThread1" daemon [_thread_blocked, id=12496, stack(0x00000000170c0000,0x00000000171c0000)]
  0x0000000014f4f000 JavaThread "C2 CompilerThread0" daemon [_thread_blocked, id=2464, stack(0x0000000016bc0000,0x0000000016cc0000)]
  0x0000000014f40000 JavaThread "JDWP Command Reader" daemon [_thread_in_native, id=4896, stack(0x0000000016ac0000,0x0000000016bc0000)]
  0x0000000014f3e800 JavaThread "JDWP Event Helper Thread" daemon [_thread_blocked, id=12832, stack(0x00000000169c0000,0x0000000016ac0000)]
  0x0000000014f2f000 JavaThread "JDWP Transport Listener: dt_socket" daemon [_thread_blocked, id=9224, stack(0x00000000168c0000,0x00000000169c0000)]
  0x0000000014f24000 JavaThread "Attach Listener" daemon [_thread_blocked, id=9308, stack(0x0000000016480000,0x0000000016580000)]
  0x0000000014f23000 JavaThread "Signal Dispatcher" daemon [_thread_blocked, id=12708, stack(0x0000000016380000,0x0000000016480000)]
  0x0000000014f10000 JavaThread "Finalizer" daemon [_thread_blocked, id=10468, stack(0x0000000016170000,0x0000000016270000)]
  0x0000000002955000 JavaThread "Reference Handler" daemon [_thread_blocked, id=1004, stack(0x0000000016070000,0x0000000016170000)]
  0x0000000002867000 JavaThread "main" [_thread_blocked, id=11628, stack(0x0000000002760000,0x0000000002860000)]

Other Threads:
  0x0000000014ee8000 VMThread [stack: 0x0000000015f70000,0x0000000016070000] [id=8016]
  0x0000000017666800 WatcherThread [stack: 0x0000000017ec0000,0x0000000017fc0000] [id=5240]

VM state:not at safepoint (normal execution)

VM Mutex/Monitor currently owned by a thread:  ([mutex/lock_event])
[0x0000000002862f30] CodeCache_lock - owner thread: 0x0000000016cf5000
[0x0000000002864e90] Compile_lock - owner thread: 0x0000000016cf5000
[0x0000000002864f90] MethodCompileQueue_lock - owner thread: 0x0000000016cf5000

heap address: 0x00000000c1e00000, size: 994 MB, Compressed Oops mode: 32-bit
Narrow klass base: 0x0000000000000000, Narrow klass shift: 3
Compressed class space size: 1073741824 Address: 0x0000000100000000

Heap:
 PSYoungGen      total 138752K, used 15798K [0x00000000eb500000, 0x00000000f4900000, 0x0000000100000000)
  eden space 128000K, 5% used [0x00000000eb500000,0x00000000ebc1f868,0x00000000f3200000)
  from space 10752K, 79% used [0x00000000f3e80000,0x00000000f46ce070,0x00000000f4900000)
  to   space 11776K, 0% used [0x00000000f3200000,0x00000000f3200000,0x00000000f3d80000)
 ParOldGen       total 30208K, used 15869K [0x00000000c1e00000, 0x00000000c3b80000, 0x00000000eb500000)
  object space 30208K, 52% used [0x00000000c1e00000,0x00000000c2d7f540,0x00000000c3b80000)
 Metaspace       used 25593K, capacity 26716K, committed 26880K, reserved 1075200K
  class space    used 3504K, capacity 3762K, committed 3840K, reserved 1048576K

Card table byte_map: [0x0000000011d20000,0x0000000011f20000] byte_map_base: 0x0000000011711000

Marking Bits: (ParMarkBitMap*) 0x0000000073bc5ce0
 Begin Bits: [0x0000000012470000, 0x00000000133f8000)
 End Bits:   [0x00000000133f8000, 0x0000000014380000)

Polling page: 0x0000000002440000

CodeCache: size=245760Kb used=6115Kb max_used=6115Kb free=239644Kb
 bounds [0x0000000002960000, 0x0000000002f60000, 0x0000000011960000]
 total_blobs=3133 nmethods=2728 adapters=323
 compilation: enabled

Compilation events (10 events):
Event: 17.164 Thread 0x0000000016cf5000 nmethod 2752 0x0000000002f564d0 code [0x0000000002f56640, 0x0000000002f567e8]
Event: 17.164 Thread 0x0000000016cf5000 2753       1       org.springframework.asm.ClassWriter::visitField (53 bytes)
Event: 17.165 Thread 0x0000000016cf5000 nmethod 2753 0x0000000002f56890 code [0x0000000002f56a00, 0x0000000002f56c68]
Event: 17.165 Thread 0x0000000016cf5000 2755       1       org.springframework.cglib.core.CodeEmitter$State::<init> (50 bytes)
Event: 17.165 Thread 0x0000000016cf5000 nmethod 2755 0x0000000002f56d50 code [0x0000000002f56ea0, 0x0000000002f57088]
Event: 17.165 Thread 0x0000000016cf5000 2754       1       org.springframework.asm.FieldWriter::<init> (69 bytes)
Event: 17.165 Thread 0x0000000016cf5000 nmethod 2754 0x0000000002f57190 code [0x0000000002f57320, 0x0000000002f57588]
Event: 17.165 Thread 0x0000000016cf5000 2757       1       org.springframework.asm.FieldWriter::computeFieldInfoSize (201 bytes)
Event: 17.166 Thread 0x0000000016cf5000 nmethod 2757 0x0000000002f57750 code [0x0000000002f57940, 0x0000000002f57d48]
Event: 17.166 Thread 0x0000000016cf5000 2758       1       org.springframework.asm.FieldWriter::putFieldInfo (418 bytes)

GC Heap History (10 events):
Event: 11.930 GC heap before
{Heap before GC invocations=9 (full 1):
 PSYoungGen      total 72192K, used 64000K [0x00000000eb500000, 0x00000000f0500000, 0x0000000100000000)
  eden space 64000K, 100% used [0x00000000eb500000,0x00000000ef380000,0x00000000ef380000)
  from space 8192K, 0% used [0x00000000ef380000,0x00000000ef380000,0x00000000efb80000)
  to   space 6656K, 0% used [0x00000000efb80000,0x00000000efb80000,0x00000000f0200000)
 ParOldGen       total 30208K, used 7148K [0x00000000c1e00000, 0x00000000c3b80000, 0x00000000eb500000)
  object space 30208K, 23% used [0x00000000c1e00000,0x00000000c24fb130,0x00000000c3b80000)
 Metaspace       used 20911K, capacity 21582K, committed 21760K, reserved 1069056K
  class space    used 2795K, capacity 2982K, committed 3072K, reserved 1048576K
Event: 11.940 GC heap after
Heap after GC invocations=9 (full 1):
 PSYoungGen      total 70144K, used 6627K [0x00000000eb500000, 0x00000000f3680000, 0x0000000100000000)
  eden space 63488K, 0% used [0x00000000eb500000,0x00000000eb500000,0x00000000ef300000)
  from space 6656K, 99% used [0x00000000efb80000,0x00000000f01f8ff0,0x00000000f0200000)
  to   space 8704K, 0% used [0x00000000ef300000,0x00000000ef300000,0x00000000efb80000)
 ParOldGen       total 30208K, used 8622K [0x00000000c1e00000, 0x00000000c3b80000, 0x00000000eb500000)
  object space 30208K, 28% used [0x00000000c1e00000,0x00000000c266ba90,0x00000000c3b80000)
 Metaspace       used 20911K, capacity 21582K, committed 21760K, reserved 1069056K
  class space    used 2795K, capacity 2982K, committed 3072K, reserved 1048576K
}
Event: 12.828 GC heap before
{Heap before GC invocations=10 (full 1):
 PSYoungGen      total 70144K, used 70115K [0x00000000eb500000, 0x00000000f3680000, 0x0000000100000000)
  eden space 63488K, 100% used [0x00000000eb500000,0x00000000ef300000,0x00000000ef300000)
  from space 6656K, 99% used [0x00000000efb80000,0x00000000f01f8ff0,0x00000000f0200000)
  to   space 8704K, 0% used [0x00000000ef300000,0x00000000ef300000,0x00000000efb80000)
 ParOldGen       total 30208K, used 8622K [0x00000000c1e00000, 0x00000000c3b80000, 0x00000000eb500000)
  object space 30208K, 28% used [0x00000000c1e00000,0x00000000c266ba90,0x00000000c3b80000)
 Metaspace       used 20918K, capacity 21582K, committed 21760K, reserved 1069056K
  class space    used 2797K, capacity 2982K, committed 3072K, reserved 1048576K
Event: 12.845 GC heap after
Heap after GC invocations=10 (full 1):
 PSYoungGen      total 72192K, used 7223K [0x00000000eb500000, 0x00000000f2200000, 0x0000000100000000)
  eden space 63488K, 0% used [0x00000000eb500000,0x00000000eb500000,0x00000000ef300000)
  from space 8704K, 82% used [0x00000000ef300000,0x00000000efa0df90,0x00000000efb80000)
  to   space 9216K, 0% used [0x00000000f1900000,0x00000000f1900000,0x00000000f2200000)
 ParOldGen       total 30208K, used 8630K [0x00000000c1e00000, 0x00000000c3b80000, 0x00000000eb500000)
  object space 30208K, 28% used [0x00000000c1e00000,0x00000000c266da90,0x00000000c3b80000)
 Metaspace       used 20918K, capacity 21582K, committed 21760K, reserved 1069056K
  class space    used 2797K, capacity 2982K, committed 3072K, reserved 1048576K
}
Event: 13.801 GC heap before
{Heap before GC invocations=11 (full 1):
 PSYoungGen      total 72192K, used 70711K [0x00000000eb500000, 0x00000000f2200000, 0x0000000100000000)
  eden space 63488K, 100% used [0x00000000eb500000,0x00000000ef300000,0x00000000ef300000)
  from space 8704K, 82% used [0x00000000ef300000,0x00000000efa0df90,0x00000000efb80000)
  to   space 9216K, 0% used [0x00000000f1900000,0x00000000f1900000,0x00000000f2200000)
 ParOldGen       total 30208K, used 8630K [0x00000000c1e00000, 0x00000000c3b80000, 0x00000000eb500000)
  object space 30208K, 28% used [0x00000000c1e00000,0x00000000c266da90,0x00000000c3b80000)
 Metaspace       used 20918K, capacity 21582K, committed 21760K, reserved 1069056K
  class space    used 2797K, capacity 2982K, committed 3072K, reserved 1048576K
Event: 13.818 GC heap after
Heap after GC invocations=11 (full 1):
 PSYoungGen      total 100352K, used 9214K [0x00000000eb500000, 0x00000000f2500000, 0x0000000100000000)
  eden space 91136K, 0% used [0x00000000eb500000,0x00000000eb500000,0x00000000f0e00000)
  from space 9216K, 99% used [0x00000000f1900000,0x00000000f21ff978,0x00000000f2200000)
  to   space 11264K, 0% used [0x00000000f0e00000,0x00000000f0e00000,0x00000000f1900000)
 ParOldGen       total 30208K, used 10629K [0x00000000c1e00000, 0x00000000c3b80000, 0x00000000eb500000)
  object space 30208K, 35% used [0x00000000c1e00000,0x00000000c2861690,0x00000000c3b80000)
 Metaspace       used 20918K, capacity 21582K, committed 21760K, reserved 1069056K
  class space    used 2797K, capacity 2982K, committed 3072K, reserved 1048576K
}
Event: 15.276 GC heap before
{Heap before GC invocations=12 (full 1):
 PSYoungGen      total 100352K, used 100350K [0x00000000eb500000, 0x00000000f2500000, 0x0000000100000000)
  eden space 91136K, 100% used [0x00000000eb500000,0x00000000f0e00000,0x00000000f0e00000)
  from space 9216K, 99% used [0x00000000f1900000,0x00000000f21ff978,0x00000000f2200000)
  to   space 11264K, 0% used [0x00000000f0e00000,0x00000000f0e00000,0x00000000f1900000)
 ParOldGen       total 30208K, used 10629K [0x00000000c1e00000, 0x00000000c3b80000, 0x00000000eb500000)
  object space 30208K, 35% used [0x00000000c1e00000,0x00000000c2861690,0x00000000c3b80000)
 Metaspace       used 22312K, capacity 23154K, committed 23168K, reserved 1069056K
  class space    used 2998K, capacity 3194K, committed 3200K, reserved 1048576K
Event: 15.291 GC heap after
Heap after GC invocations=12 (full 1):
 PSYoungGen      total 102400K, used 7853K [0x00000000eb500000, 0x00000000f4980000, 0x0000000100000000)
  eden space 91136K, 0% used [0x00000000eb500000,0x00000000eb500000,0x00000000f0e00000)
  from space 11264K, 69% used [0x00000000f0e00000,0x00000000f15ab7f0,0x00000000f1900000)
  to   space 11264K, 0% used [0x00000000f3e80000,0x00000000f3e80000,0x00000000f4980000)
 ParOldGen       total 30208K, used 13853K [0x00000000c1e00000, 0x00000000c3b80000, 0x00000000eb500000)
  object space 30208K, 45% used [0x00000000c1e00000,0x00000000c2b876b0,0x00000000c3b80000)
 Metaspace       used 22312K, capacity 23154K, committed 23168K, reserved 1069056K
  class space    used 2998K, capacity 3194K, committed 3200K, reserved 1048576K
}
Event: 17.031 GC heap before
{Heap before GC invocations=13 (full 1):
 PSYoungGen      total 102400K, used 98989K [0x00000000eb500000, 0x00000000f4980000, 0x0000000100000000)
  eden space 91136K, 100% used [0x00000000eb500000,0x00000000f0e00000,0x00000000f0e00000)
  from space 11264K, 69% used [0x00000000f0e00000,0x00000000f15ab7f0,0x00000000f1900000)
  to   space 11264K, 0% used [0x00000000f3e80000,0x00000000f3e80000,0x00000000f4980000)
 ParOldGen       total 30208K, used 13853K [0x00000000c1e00000, 0x00000000c3b80000, 0x00000000eb500000)
  object space 30208K, 45% used [0x00000000c1e00000,0x00000000c2b876b0,0x00000000c3b80000)
 Metaspace       used 25279K, capacity 26422K, committed 26624K, reserved 1073152K
  class space    used 3463K, capacity 3729K, committed 3840K, reserved 1048576K
Event: 17.062 GC heap after
Heap after GC invocations=13 (full 1):
 PSYoungGen      total 138752K, used 8504K [0x00000000eb500000, 0x00000000f4900000, 0x0000000100000000)
  eden space 128000K, 0% used [0x00000000eb500000,0x00000000eb500000,0x00000000f3200000)
  from space 10752K, 79% used [0x00000000f3e80000,0x00000000f46ce070,0x00000000f4900000)
  to   space 11776K, 0% used [0x00000000f3200000,0x00000000f3200000,0x00000000f3d80000)
 ParOldGen       total 30208K, used 15869K [0x00000000c1e00000, 0x00000000c3b80000, 0x00000000eb500000)
  object space 30208K, 52% used [0x00000000c1e00000,0x00000000c2d7f540,0x00000000c3b80000)
 Metaspace       used 25279K, capacity 26422K, committed 26624K, reserved 1073152K
  class space    used 3463K, capacity 3729K, committed 3840K, reserved 1048576K
}

Deoptimization events (0 events):
No events

Classes redefined (0 events):
No events

Internal exceptions (10 events):
Event: 16.659 Thread 0x0000000017975000 Exception <a 'java/lang/ArrayIndexOutOfBoundsException'> (0x00000000f0232e10) thrown at [C:\re\workspace\8-2-build-windows-amd64-cygwin\jdk8u211\12973\hotspot\src\share\vm\runtime\sharedRuntime.cpp, line 605]
Event: 16.660 Thread 0x0000000017975000 Exception <a 'java/lang/ArrayIndexOutOfBoundsException'> (0x00000000f023b760) thrown at [C:\re\workspace\8-2-build-windows-amd64-cygwin\jdk8u211\12973\hotspot\src\share\vm\runtime\sharedRuntime.cpp, line 605]
Event: 16.664 Thread 0x0000000017975000 Exception <a 'java/lang/ArrayIndexOutOfBoundsException'> (0x00000000f0259888) thrown at [C:\re\workspace\8-2-build-windows-amd64-cygwin\jdk8u211\12973\hotspot\src\share\vm\runtime\sharedRuntime.cpp, line 605]
Event: 16.664 Thread 0x0000000017975000 Exception <a 'java/lang/ArrayIndexOutOfBoundsException'> (0x00000000f025bd88) thrown at [C:\re\workspace\8-2-build-windows-amd64-cygwin\jdk8u211\12973\hotspot\src\share\vm\runtime\sharedRuntime.cpp, line 605]
Event: 16.711 Thread 0x0000000017975000 Exception <a 'java/lang/ArrayIndexOutOfBoundsException'> (0x00000000f0469988) thrown at [C:\re\workspace\8-2-build-windows-amd64-cygwin\jdk8u211\12973\hotspot\src\share\vm\runtime\sharedRuntime.cpp, line 605]
Event: 16.736 Thread 0x0000000017975000 Exception <a 'java/lang/ArrayIndexOutOfBoundsException'> (0x00000000f0568ac0) thrown at [C:\re\workspace\8-2-build-windows-amd64-cygwin\jdk8u211\12973\hotspot\src\share\vm\runtime\sharedRuntime.cpp, line 605]
Event: 16.785 Thread 0x0000000017975000 Exception <a 'java/lang/ArrayIndexOutOfBoundsException'> (0x00000000f070d428) thrown at [C:\re\workspace\8-2-build-windows-amd64-cygwin\jdk8u211\12973\hotspot\src\share\vm\runtime\sharedRuntime.cpp, line 605]
Event: 16.798 Thread 0x0000000017975000 Exception <a 'java/lang/ArrayIndexOutOfBoundsException'> (0x00000000f0725a08) thrown at [C:\re\workspace\8-2-build-windows-amd64-cygwin\jdk8u211\12973\hotspot\src\share\vm\runtime\sharedRuntime.cpp, line 605]
Event: 16.799 Thread 0x0000000017975000 Exception <a 'java/lang/ArrayIndexOutOfBoundsException'> (0x00000000f0727530) thrown at [C:\re\workspace\8-2-build-windows-amd64-cygwin\jdk8u211\12973\hotspot\src\share\vm\runtime\sharedRuntime.cpp, line 605]
Event: 16.799 Thread 0x0000000017975000 Exception <a 'java/lang/ArrayIndexOutOfBoundsException'> (0x00000000f0729060) thrown at [C:\re\workspace\8-2-build-windows-amd64-cygwin\jdk8u211\12973\hotspot\src\share\vm\runtime\sharedRuntime.cpp, line 605]

Events (10 events):
Event: 17.125 Thread 0x0000000017975000 DEOPT PACKING pc=0x0000000002b3e23c sp=0x000000001850c3b0
Event: 17.125 Thread 0x0000000017975000 DEOPT UNPACKING pc=0x00000000029a7890 sp=0x000000001850c1d0 mode 1
Event: 17.125 Thread 0x0000000017975000 DEOPT PACKING pc=0x0000000002b7eb89 sp=0x000000001850c3f0
Event: 17.125 Thread 0x0000000017975000 DEOPT UNPACKING pc=0x00000000029a7890 sp=0x000000001850c150 mode 1
Event: 17.125 Thread 0x0000000017975000 DEOPT PACKING pc=0x0000000002b69fb4 sp=0x000000001850c540
Event: 17.125 Thread 0x0000000017975000 DEOPT UNPACKING pc=0x00000000029a7890 sp=0x000000001850c2b8 mode 1
Event: 17.125 Thread 0x0000000017975000 DEOPT PACKING pc=0x0000000002b637fc sp=0x000000001850c5f0
Event: 17.125 Thread 0x0000000017975000 DEOPT UNPACKING pc=0x00000000029a7890 sp=0x000000001850c330 mode 1
Event: 17.126 Thread 0x0000000017975000 DEOPT PACKING pc=0x0000000002bd7a0c sp=0x000000001850cf20
Event: 17.126 Thread 0x0000000017975000 DEOPT UNPACKING pc=0x00000000029a7890 sp=0x000000001850cc98 mode 1


Dynamic libraries:
0x00007ff661c70000 - 0x00007ff661ca7000 	C:\Program Files\Java\jre1.8.0_211\bin\javaw.exe
0x00007ffe78770000 - 0x00007ffe78951000 	C:\WINDOWS\SYSTEM32\ntdll.dll
0x00007ffe76f30000 - 0x00007ffe76fe1000 	C:\WINDOWS\System32\KERNEL32.DLL
0x00007ffe754a0000 - 0x00007ffe75713000 	C:\WINDOWS\System32\KERNELBASE.dll
0x00007ffe76e80000 - 0x00007ffe76f21000 	C:\WINDOWS\System32\ADVAPI32.dll
0x00007ffe75cf0000 - 0x00007ffe75d8e000 	C:\WINDOWS\System32\msvcrt.dll
0x00007ffe767a0000 - 0x00007ffe767fb000 	C:\WINDOWS\System32\sechost.dll
0x00007ffe760c0000 - 0x00007ffe761e4000 	C:\WINDOWS\System32\RPCRT4.dll
0x00007ffe761f0000 - 0x00007ffe76380000 	C:\WINDOWS\System32\USER32.dll
0x00007ffe74b40000 - 0x00007ffe74b60000 	C:\WINDOWS\System32\win32u.dll
0x00007ffe76760000 - 0x00007ffe76788000 	C:\WINDOWS\System32\GDI32.dll
0x00007ffe75a00000 - 0x00007ffe75b91000 	C:\WINDOWS\System32\gdi32full.dll
0x00007ffe75720000 - 0x00007ffe757bf000 	C:\WINDOWS\System32\msvcp_win.dll
0x00007ffe752f0000 - 0x00007ffe753e8000 	C:\WINDOWS\System32\ucrtbase.dll
0x00007ffe60d50000 - 0x00007ffe60fb9000 	C:\WINDOWS\WinSxS\amd64_microsoft.windows.common-controls_6595b64144ccf1df_6.0.17134.885_none_fb42a3473065565f\COMCTL32.dll
0x00007ffe75d90000 - 0x00007ffe760b2000 	C:\WINDOWS\System32\combase.dll
0x00007ffe74b60000 - 0x00007ffe74bd9000 	C:\WINDOWS\System32\bcryptPrimitives.dll
0x00007ffe77150000 - 0x00007ffe7717d000 	C:\WINDOWS\System32\IMM32.DLL
0x0000000073100000 - 0x00000000731d2000 	C:\Program Files\Java\jre1.8.0_211\bin\msvcr100.dll
0x00000000733a0000 - 0x0000000073c45000 	C:\Program Files\Java\jre1.8.0_211\bin\server\jvm.dll
0x00007ffe77140000 - 0x00007ffe77148000 	C:\WINDOWS\System32\PSAPI.DLL
0x00007ffe70d20000 - 0x00007ffe70d43000 	C:\WINDOWS\SYSTEM32\WINMM.dll
0x00007ffe68380000 - 0x00007ffe68389000 	C:\WINDOWS\SYSTEM32\WSOCK32.dll
0x00007ffe6a9e0000 - 0x00007ffe6a9ea000 	C:\WINDOWS\SYSTEM32\VERSION.dll
0x00007ffe76ff0000 - 0x00007ffe7705c000 	C:\WINDOWS\System32\WS2_32.dll
0x00007ffe6eec0000 - 0x00007ffe6eeea000 	C:\WINDOWS\SYSTEM32\WINMMBASE.dll
0x00007ffe759b0000 - 0x00007ffe759f9000 	C:\WINDOWS\System32\cfgmgr32.dll
0x00007ffe6bc20000 - 0x00007ffe6bc2f000 	C:\Program Files\Java\jre1.8.0_211\bin\verify.dll
0x00007ffe6a5b0000 - 0x00007ffe6a5d9000 	C:\Program Files\Java\jre1.8.0_211\bin\java.dll
0x00007ffe6e120000 - 0x00007ffe6e155000 	C:\Program Files\Java\jre1.8.0_211\bin\jdwp.dll
0x00007ffe712a0000 - 0x00007ffe712a8000 	C:\Program Files\Java\jre1.8.0_211\bin\npt.dll
0x00007ffe6a590000 - 0x00007ffe6a5a6000 	C:\Program Files\Java\jre1.8.0_211\bin\zip.dll
0x00007ffe77180000 - 0x00007ffe785c0000 	C:\WINDOWS\System32\SHELL32.dll
0x00007ffe76980000 - 0x00007ffe76a29000 	C:\WINDOWS\System32\shcore.dll
0x00007ffe74be0000 - 0x00007ffe752ed000 	C:\WINDOWS\System32\windows.storage.dll
0x00007ffe76420000 - 0x00007ffe76471000 	C:\WINDOWS\System32\shlwapi.dll
0x00007ffe74b20000 - 0x00007ffe74b31000 	C:\WINDOWS\System32\kernel.appcore.dll
0x00007ffe74b00000 - 0x00007ffe74b1f000 	C:\WINDOWS\System32\profapi.dll
0x00007ffe74a90000 - 0x00007ffe74adc000 	C:\WINDOWS\System32\powrprof.dll
0x00007ffe74a80000 - 0x00007ffe74a8a000 	C:\WINDOWS\System32\FLTLIB.DLL
0x00007ffe707d0000 - 0x00007ffe707d9000 	C:\Program Files\Java\jre1.8.0_211\bin\dt_socket.dll
0x00007ffe623f0000 - 0x00007ffe62406000 	C:\WINDOWS\system32\napinsp.dll
0x00007ffe61f40000 - 0x00007ffe61f5a000 	C:\WINDOWS\system32\pnrpnsp.dll
0x00007ffe71840000 - 0x00007ffe71859000 	C:\WINDOWS\system32\NLAapi.dll
0x00007ffe742a0000 - 0x00007ffe74306000 	C:\WINDOWS\System32\mswsock.dll
0x00007ffe74070000 - 0x00007ffe7412e000 	C:\WINDOWS\SYSTEM32\DNSAPI.dll
0x00007ffe76790000 - 0x00007ffe76798000 	C:\WINDOWS\System32\NSI.dll
0x00007ffe74030000 - 0x00007ffe74068000 	C:\WINDOWS\SYSTEM32\IPHLPAPI.DLL
0x00007ffe6e4a0000 - 0x00007ffe6e4ae000 	C:\WINDOWS\System32\winrnr.dll
0x00007ffe6d340000 - 0x00007ffe6d355000 	C:\WINDOWS\System32\wshbth.dll
0x00007ffe6dd50000 - 0x00007ffe6ddc2000 	C:\WINDOWS\System32\fwpuclnt.dll
0x00007ffe74580000 - 0x00007ffe745a5000 	C:\WINDOWS\SYSTEM32\bcrypt.dll
0x00007ffe6cec0000 - 0x00007ffe6ceca000 	C:\Windows\System32\rasadhlp.dll
0x00007ffe707f0000 - 0x00007ffe707fd000 	C:\Program Files\Java\jre1.8.0_211\bin\management.dll
0x00007ffe6a570000 - 0x00007ffe6a58a000 	C:\Program Files\Java\jre1.8.0_211\bin\net.dll
0x00007ffe6d170000 - 0x00007ffe6d339000 	C:\WINDOWS\SYSTEM32\urlmon.dll
0x00007ffe69080000 - 0x00007ffe69326000 	C:\WINDOWS\SYSTEM32\iertutil.dll
0x00007ffe74470000 - 0x00007ffe7447b000 	C:\WINDOWS\SYSTEM32\CRYPTBASE.DLL
0x00007ffe69a00000 - 0x00007ffe69a12000 	C:\Program Files\Java\jre1.8.0_211\bin\nio.dll
0x00007ffe74450000 - 0x00007ffe74467000 	C:\WINDOWS\SYSTEM32\CRYPTSP.dll
0x00007ffe73e90000 - 0x00007ffe73ec3000 	C:\WINDOWS\system32\rsaenh.dll
0x00007ffe74980000 - 0x00007ffe749a8000 	C:\WINDOWS\SYSTEM32\USERENV.dll
0x00007ffe6db80000 - 0x00007ffe6db96000 	C:\WINDOWS\SYSTEM32\dhcpcsvc6.DLL
0x00007ffe6db60000 - 0x00007ffe6db7a000 	C:\WINDOWS\SYSTEM32\dhcpcsvc.DLL

VM Arguments:
jvm_args: -agentlib:jdwp=transport=dt_socket,suspend=y,address=localhost:59664 -Dcom.sun.management.jmxremote -Dcom.sun.management.jmxremote.port=59663 -Dcom.sun.management.jmxremote.authenticate=false -Dcom.sun.management.jmxremote.ssl=false -Djava.rmi.server.hostname=localhost -Dspring.jmx.enabled=true -Dspring.application.admin.enabled=true -Xverify:none -XX:TieredStopAtLevel=1 -Dfile.encoding=UTF-8 
java_command: com.apptestunitary.AppTestUnitaryApplication --spring.output.ansi.enabled=always
java_class_path (initial): C:\Users\Daniela Lima\Documents\workspace-spring-tool-suite-4-4.2.0.RELEASE\app-test-unitary\target\classes;C:\Users\Daniela Lima\.m2\repository\org\springframework\boot\spring-boot-starter-web\2.1.1.RELEASE\spring-boot-starter-web-2.1.1.RELEASE.jar;C:\Users\Daniela Lima\.m2\repository\org\springframework\boot\spring-boot-starter\2.1.1.RELEASE\spring-boot-starter-2.1.1.RELEASE.jar;C:\Users\Daniela Lima\.m2\repository\org\springframework\boot\spring-boot-starter-logging\2.1.1.RELEASE\spring-boot-starter-logging-2.1.1.RELEASE.jar;C:\Users\Daniela Lima\.m2\repository\ch\qos\logback\logback-classic\1.2.3\logback-classic-1.2.3.jar;C:\Users\Daniela Lima\.m2\repository\ch\qos\logback\logback-core\1.2.3\logback-core-1.2.3.jar;C:\Users\Daniela Lima\.m2\repository\org\apache\logging\log4j\log4j-to-slf4j\2.11.1\log4j-to-slf4j-2.11.1.jar;C:\Users\Daniela Lima\.m2\repository\org\apache\logging\log4j\log4j-api\2.11.1\log4j-api-2.11.1.jar;C:\Users\Daniela Lima\.m2\repository\org\slf4j\jul-to-slf4j\1.7.25\jul-to-slf4j-1.7.25.jar;C:\Users\Daniela Lima\.m2\repository\org\yaml\snakeyaml\1.23\snakeyaml-1.23.jar;C:\Users\Daniela Lima\.m2\repository\org\springframework\boot\spring-boot-starter-json\2.1.1.RELEASE\spring-boot-starter-json-2.1.1.RELEASE.jar;C:\Users\Daniela Lima\.m2\repository\com\fasterxml\jackson\core\jackson-databind\2.9.7\jackson-databind-2.9.7.jar;C:\Users\Daniela Lima\.m2\repository\com\fasterxml\jackson\core\jackson-core\2.9.7\jackson-core-2.9.7.jar;C:\Users\Daniela Lima\.m2\repository\com\fasterxml\jackson\datatype\jackson-datatype-jdk8\2.9.7\jackson-datatype-jdk8-2.9.7.jar;C:\Users\Daniela Lima\.m2\repository\com\fasterxml\jackson\datatype\jackson-datatype-jsr310\2.9.7\jackson-datatype-jsr310-2.9.7.jar;C:\Users\Daniela Lima\.m2\repository\com\fasterxml\jackson\module\jackson-module-parameter-names\2.9.7\jackson-module-parameter-names-2.9.7.jar;C:\Users\Daniela Lima\.m2\repository\org\hibernate\validator\hibernate-validator\6.0.13.Final\
Launcher Type: SUN_STANDARD

Environment Variables:
JAVA_HOME=C:\Program Files\Java\jdk1.8.0_151
JRE_HOME=C:\Program Files\Java\jdk1.8.0_151\jre
CLASSPATH=.;C:\Program Files\Java\jdk1.8.0_151\lib;
PATH=C:/Program Files/Java/jre1.8.0_211/bin/server;C:/Program Files/Java/jre1.8.0_211/bin;C:/Program Files/Java/jre1.8.0_211/lib/amd64;C:\Program Files (x86)\Common Files\Oracle\Java\javapath;C:\ProgramData\Oracle\Java\javapath;C:\Program Files (x86)\Intel\Intel(R) Management Engine Components\iCLS\;C:\Program Files\Intel\Intel(R) Management Engine Components\iCLS\;C:\WINDOWS\system32;C:\WINDOWS;C:\WINDOWS\System32\Wbem;"C:\WINDOWS\System32\WindowsPowerShell\v1.0\;C:\Program Files\Java\jdk1.8.0_151\bin;";C:\Program Files (x86)\Intel\Intel(R) Management Engine Components\DAL;C:\Program Files\Intel\Intel(R) Management Engine Components\DAL;C:\Program Files (x86)\Intel\Intel(R) Management Engine Components\IPT;C:\Program Files\Intel\Intel(R) Management Engine Components\IPT;C:\apache-maven-3.6.0\bin;;C:\WINDOWS\System32\WindowsPowerShell\v1.0\;C:\WINDOWS\System32\OpenSSH\;C:\Users\Daniela Lima\AppData\Local\Microsoft\WindowsApps;;C:\sts-4.2.0.RELEASE;
USERNAME=Daniela Lima
OS=Windows_NT
PROCESSOR_IDENTIFIER=Intel64 Family 6 Model 142 Stepping 10, GenuineIntel



---------------  S Y S T E M  ---------------

OS: Windows 10.0 , 64 bit Build 17134 (10.0.17134.753)

CPU:total 4 (initial active 4) (2 cores per cpu, 2 threads per core) family 6 model 142 stepping 10, cmov, cx8, fxsr, mmx, sse, sse2, sse3, ssse3, sse4.1, sse4.2, popcnt, avx, avx2, aes, clmul, erms, 3dnowpref, lzcnt, ht, tsc, tscinvbit, bmi1, bmi2, adx

Memory: 4k page, physical 4066916k(580200k free), swap 16649828k(4668k free)

vm_info: Java HotSpot(TM) 64-Bit Server VM (25.211-b12) for windows-amd64 JRE (1.8.0_211-b12), built on Apr  1 2019 20:53:26 by "java_re" with MS VC++ 10.0 (VS2010)

time: Mon Jul 15 23:46:23 2019
timezone: Hora oficial do Brasil
elapsed time: 17 seconds (0d 0h 0m 17s)

