#
# There is insufficient memory for the Java Runtime Environment to continue.
# Native memory allocation (malloc) failed to allocate 1963152 bytes for Chunk::new
# Possible reasons:
#   The system is out of physical RAM or swap space
#   The process is running with CompressedOops enabled, and the Java Heap may be blocking the growth of the native heap
# Possible solutions:
#   Reduce memory load on the system
#   Increase physical memory or swap space
#   Check if swap backing store is full
#   Decrease Java heap size (-Xmx/-Xms)
#   Decrease number of Java threads
#   Decrease Java thread stack sizes (-Xss)
#   Set larger code cache with -XX:ReservedCodeCacheSize=
#   JVM is running with Unscaled Compressed Oops mode in which the Java heap is
#     placed in the first 4GB address space. The Java Heap base address is the
#     maximum limit for the native heap growth. Please use -XX:HeapBaseMinAddress
#     to set the Java Heap base and to place the Java Heap above 4GB virtual address.
# This output file may be truncated or incomplete.
#
#  Out of Memory Error (allocation.cpp:389), pid=9408, tid=0x0000000000002774
#
# JRE version: Java(TM) SE Runtime Environment (8.0_211-b12) (build 1.8.0_211-b12)
# Java VM: Java HotSpot(TM) 64-Bit Server VM (25.211-b12 mixed mode windows-amd64 compressed oops)
# Failed to write core dump. Minidumps are not enabled by default on client versions of Windows
#

---------------  T H R E A D  ---------------

Current thread (0x0000000017a9f000):  JavaThread "C2 CompilerThread0" daemon [_thread_in_native, id=10100, stack(0x00000000182b0000,0x00000000183b0000)]

Stack: [0x00000000182b0000,0x00000000183b0000]
[error occurred during error reporting (printing stack bounds), id 0xc0000005]

Native frames: (J=compiled Java code, j=interpreted, Vv=VM code, C=native code)


Current CompileTask:
C2:   4321 1596       4       org.springframework.asm.ClassReader::readCode (3623 bytes)


---------------  P R O C E S S  ---------------

Java Threads: ( => current thread )
  0x000000001bedf000 JavaThread "background-preinit" [_thread_blocked, id=11412, stack(0x000000001d460000,0x000000001d560000)]
  0x0000000017e5e000 JavaThread "ReaderThread" [_thread_in_native, id=10380, stack(0x00000000187b0000,0x00000000188b0000)]
  0x0000000017b39800 JavaThread "Service Thread" daemon [_thread_blocked, id=9044, stack(0x00000000185b0000,0x00000000186b0000)]
  0x0000000017aaa000 JavaThread "C1 CompilerThread2" daemon [_thread_blocked, id=1940, stack(0x00000000184b0000,0x00000000185b0000)]
  0x0000000017aa0000 JavaThread "C2 CompilerThread1" daemon [_thread_blocked, id=9148, stack(0x00000000183b0000,0x00000000184b0000)]
=>0x0000000017a9f000 JavaThread "C2 CompilerThread0" daemon [_thread_in_native, id=10100, stack(0x00000000182b0000,0x00000000183b0000)]
  0x0000000015a23000 JavaThread "JDWP Command Reader" daemon [_thread_in_native, id=5504, stack(0x00000000175b0000,0x00000000176b0000)]
  0x0000000015a21800 JavaThread "JDWP Event Helper Thread" daemon [_thread_blocked, id=11856, stack(0x00000000174b0000,0x00000000175b0000)]
  0x0000000015a13800 JavaThread "JDWP Transport Listener: dt_socket" daemon [_thread_blocked, id=2876, stack(0x00000000173b0000,0x00000000174b0000)]
  0x0000000015a06000 JavaThread "Attach Listener" daemon [_thread_blocked, id=2632, stack(0x0000000016f70000,0x0000000017070000)]
  0x0000000015a0f800 JavaThread "Signal Dispatcher" daemon [_thread_blocked, id=2696, stack(0x0000000016e70000,0x0000000016f70000)]
  0x00000000159f0000 JavaThread "Finalizer" daemon [_thread_blocked, id=804, stack(0x0000000016c60000,0x0000000016d60000)]
  0x0000000003336800 JavaThread "Reference Handler" daemon [_thread_blocked, id=9164, stack(0x0000000016b60000,0x0000000016c60000)]
  0x0000000003246800 JavaThread "main" [_thread_blocked, id=3308, stack(0x0000000003140000,0x0000000003240000)]

Other Threads:
  0x00000000159c8800 VMThread [stack: 0x0000000016a60000,0x0000000016b60000] [id=4732]
  0x0000000017bb9800 WatcherThread [stack: 0x00000000186b0000,0x00000000187b0000] [id=11152]

VM state:at safepoint (normal execution)

VM Mutex/Monitor currently owned by a thread:  ([mutex/lock_event])
[0x0000000003243d50] Threads_lock - owner thread: 0x00000000159c8800
[0x0000000003245d60] Heap_lock - owner thread: 0x0000000017aaa000
[0x00000000032451e0] MethodData_lock - owner thread: 0x0000000017aaa000

heap address: 0x00000000c1e00000, size: 994 MB, Compressed Oops mode: 32-bit
Narrow klass base: 0x0000000000000000, Narrow klass shift: 3
Compressed class space size: 1073741824 Address: 0x0000000100000000

Heap:
 PSYoungGen      total 71680K, used 7157K [0x00000000eb500000, 0x00000000f4100000, 0x0000000100000000)
  eden space 64512K, 0% used [0x00000000eb500000,0x00000000eb500000,0x00000000ef400000)
  from space 7168K, 99% used [0x00000000f3a00000,0x00000000f40fd670,0x00000000f4100000)
  to   space 5120K, 0% used [0x00000000ef400000,0x00000000ef400000,0x00000000ef900000)
 ParOldGen       total 44032K, used 8891K [0x00000000c1e00000, 0x00000000c4900000, 0x00000000eb500000)
  object space 44032K, 20% used [0x00000000c1e00000,0x00000000c26aeff0,0x00000000c4900000)
 Metaspace       used 20881K, capacity 21046K, committed 21248K, reserved 1069056K
  class space    used 2498K, capacity 2554K, committed 2560K, reserved 1048576K

Card table byte_map: [0x0000000012800000,0x0000000012a00000] byte_map_base: 0x00000000121f1000

Marking Bits: (ParMarkBitMap*) 0x00000000734d5ce0
 Begin Bits: [0x0000000012f50000, 0x0000000013ed8000)
 End Bits:   [0x0000000013ed8000, 0x0000000014e60000)

Polling page: 0x0000000000df0000

CodeCache: size=245760Kb used=8073Kb max_used=8073Kb free=237686Kb
 bounds [0x0000000003440000, 0x0000000003c30000, 0x0000000012440000]
 total_blobs=2267 nmethods=1893 adapters=294
 compilation: enabled

Compilation events (10 events):
Event: 4.259 Thread 0x0000000017aaa000 nmethod 1908 0x0000000003c24510 code [0x0000000003c24680, 0x0000000003c248d8]
Event: 4.259 Thread 0x0000000017aaa000 1909       2       org.springframework.util.ConcurrentReferenceHashMap$Task::<init> (34 bytes)
Event: 4.259 Thread 0x0000000017aaa000 nmethod 1909 0x0000000003c24a90 code [0x0000000003c24c00, 0x0000000003c24e18]
Event: 4.260 Thread 0x0000000017aaa000 1910       2       org.springframework.util.ConcurrentReferenceHashMap::doTask (18 bytes)
Event: 4.260 Thread 0x0000000017aaa000 nmethod 1910 0x0000000003c24f50 code [0x0000000003c250c0, 0x0000000003c252d8]
Event: 4.268 Thread 0x0000000017aaa000 1911       2       java.lang.Byte::<init> (10 bytes)
Event: 4.268 Thread 0x0000000017aaa000 nmethod 1911 0x0000000003c25690 code [0x0000000003c257e0, 0x0000000003c25930]
Event: 4.288 Thread 0x0000000017aaa000 1919       2       java.lang.invoke.MemberName::testFlags (16 bytes)
Event: 4.288 Thread 0x0000000017aaa000 nmethod 1919 0x0000000003c25e10 code [0x0000000003c25f60, 0x0000000003c260d0]
Event: 4.289 Thread 0x0000000017aaa000 1920       2       jdk.internal.org.objectweb.asm.ByteVector::putUTF8 (142 bytes)

GC Heap History (10 events):
Event: 2.305 GC heap after
Heap after GC invocations=4 (full 0):
 PSYoungGen      total 35328K, used 2529K [0x00000000eb500000, 0x00000000eda00000, 0x0000000100000000)
  eden space 32768K, 0% used [0x00000000eb500000,0x00000000eb500000,0x00000000ed500000)
  from space 2560K, 98% used [0x00000000ed780000,0x00000000ed9f8478,0x00000000eda00000)
  to   space 2560K, 0% used [0x00000000ed500000,0x00000000ed500000,0x00000000ed780000)
 ParOldGen       total 44032K, used 745K [0x00000000c1e00000, 0x00000000c4900000, 0x00000000eb500000)
  object space 44032K, 1% used [0x00000000c1e00000,0x00000000c1eba540,0x00000000c4900000)
 Metaspace       used 9764K, capacity 9908K, committed 10112K, reserved 1058816K
  class space    used 1138K, capacity 1146K, committed 1152K, reserved 1048576K
}
Event: 2.797 GC heap before
{Heap before GC invocations=5 (full 0):
 PSYoungGen      total 35328K, used 35297K [0x00000000eb500000, 0x00000000eda00000, 0x0000000100000000)
  eden space 32768K, 100% used [0x00000000eb500000,0x00000000ed500000,0x00000000ed500000)
  from space 2560K, 98% used [0x00000000ed780000,0x00000000ed9f8478,0x00000000eda00000)
  to   space 2560K, 0% used [0x00000000ed500000,0x00000000ed500000,0x00000000ed780000)
 ParOldGen       total 44032K, used 745K [0x00000000c1e00000, 0x00000000c4900000, 0x00000000eb500000)
  object space 44032K, 1% used [0x00000000c1e00000,0x00000000c1eba540,0x00000000c4900000)
 Metaspace       used 11823K, capacity 11956K, committed 12288K, reserved 1060864K
  class space    used 1444K, capacity 1466K, committed 1536K, reserved 1048576K
Event: 2.806 GC heap after
Heap after GC invocations=5 (full 0):
 PSYoungGen      total 35328K, used 2545K [0x00000000eb500000, 0x00000000efd00000, 0x0000000100000000)
  eden space 32768K, 0% used [0x00000000eb500000,0x00000000eb500000,0x00000000ed500000)
  from space 2560K, 99% used [0x00000000ed500000,0x00000000ed77c760,0x00000000ed780000)
  to   space 4096K, 0% used [0x00000000ef900000,0x00000000ef900000,0x00000000efd00000)
 ParOldGen       total 44032K, used 2216K [0x00000000c1e00000, 0x00000000c4900000, 0x00000000eb500000)
  object space 44032K, 5% used [0x00000000c1e00000,0x00000000c202a388,0x00000000c4900000)
 Metaspace       used 11823K, capacity 11956K, committed 12288K, reserved 1060864K
  class space    used 1444K, capacity 1466K, committed 1536K, reserved 1048576K
}
Event: 3.023 GC heap before
{Heap before GC invocations=6 (full 0):
 PSYoungGen      total 35328K, used 35313K [0x00000000eb500000, 0x00000000efd00000, 0x0000000100000000)
  eden space 32768K, 100% used [0x00000000eb500000,0x00000000ed500000,0x00000000ed500000)
  from space 2560K, 99% used [0x00000000ed500000,0x00000000ed77c760,0x00000000ed780000)
  to   space 4096K, 0% used [0x00000000ef900000,0x00000000ef900000,0x00000000efd00000)
 ParOldGen       total 44032K, used 2216K [0x00000000c1e00000, 0x00000000c4900000, 0x00000000eb500000)
  object space 44032K, 5% used [0x00000000c1e00000,0x00000000c202a388,0x00000000c4900000)
 Metaspace       used 13915K, capacity 14074K, committed 14336K, reserved 1062912K
  class space    used 1686K, capacity 1723K, committed 1792K, reserved 1048576K
Event: 3.031 GC heap after
Heap after GC invocations=6 (full 0):
 PSYoungGen      total 68608K, used 4071K [0x00000000eb500000, 0x00000000eff00000, 0x0000000100000000)
  eden space 64512K, 0% used [0x00000000eb500000,0x00000000eb500000,0x00000000ef400000)
  from space 4096K, 99% used [0x00000000ef900000,0x00000000efcf9da0,0x00000000efd00000)
  to   space 5120K, 0% used [0x00000000ef400000,0x00000000ef400000,0x00000000ef900000)
 ParOldGen       total 44032K, used 2933K [0x00000000c1e00000, 0x00000000c4900000, 0x00000000eb500000)
  object space 44032K, 6% used [0x00000000c1e00000,0x00000000c20dd6d0,0x00000000c4900000)
 Metaspace       used 13915K, capacity 14074K, committed 14336K, reserved 1062912K
  class space    used 1686K, capacity 1723K, committed 1792K, reserved 1048576K
}
Event: 3.532 GC heap before
{Heap before GC invocations=7 (full 0):
 PSYoungGen      total 68608K, used 68583K [0x00000000eb500000, 0x00000000eff00000, 0x0000000100000000)
  eden space 64512K, 100% used [0x00000000eb500000,0x00000000ef400000,0x00000000ef400000)
  from space 4096K, 99% used [0x00000000ef900000,0x00000000efcf9da0,0x00000000efd00000)
  to   space 5120K, 0% used [0x00000000ef400000,0x00000000ef400000,0x00000000ef900000)
 ParOldGen       total 44032K, used 2933K [0x00000000c1e00000, 0x00000000c4900000, 0x00000000eb500000)
  object space 44032K, 6% used [0x00000000c1e00000,0x00000000c20dd6d0,0x00000000c4900000)
 Metaspace       used 17917K, capacity 18092K, committed 18432K, reserved 1064960K
  class space    used 2184K, capacity 2206K, committed 2304K, reserved 1048576K
Event: 3.548 GC heap after
Heap after GC invocations=7 (full 0):
 PSYoungGen      total 69632K, used 5113K [0x00000000eb500000, 0x00000000f4100000, 0x0000000100000000)
  eden space 64512K, 0% used [0x00000000eb500000,0x00000000eb500000,0x00000000ef400000)
  from space 5120K, 99% used [0x00000000ef400000,0x00000000ef8fe778,0x00000000ef900000)
  to   space 7168K, 0% used [0x00000000f3a00000,0x00000000f3a00000,0x00000000f4100000)
 ParOldGen       total 44032K, used 5306K [0x00000000c1e00000, 0x00000000c4900000, 0x00000000eb500000)
  object space 44032K, 12% used [0x00000000c1e00000,0x00000000c232e960,0x00000000c4900000)
 Metaspace       used 17917K, capacity 18092K, committed 18432K, reserved 1064960K
  class space    used 2184K, capacity 2206K, committed 2304K, reserved 1048576K
}
Event: 4.289 GC heap before
{Heap before GC invocations=8 (full 0):
 PSYoungGen      total 69632K, used 68483K [0x00000000eb500000, 0x00000000f4100000, 0x0000000100000000)
  eden space 64512K, 98% used [0x00000000eb500000,0x00000000ef2e24e8,0x00000000ef400000)
  from space 5120K, 99% used [0x00000000ef400000,0x00000000ef8fe778,0x00000000ef900000)
  to   space 7168K, 0% used [0x00000000f3a00000,0x00000000f3a00000,0x00000000f4100000)
 ParOldGen       total 44032K, used 5306K [0x00000000c1e00000, 0x00000000c4900000, 0x00000000eb500000)
  object space 44032K, 12% used [0x00000000c1e00000,0x00000000c232e960,0x00000000c4900000)
 Metaspace       used 20881K, capacity 21046K, committed 21248K, reserved 1069056K
  class space    used 2498K, capacity 2554K, committed 2560K, reserved 1048576K
Event: 4.309 GC heap after
Heap after GC invocations=8 (full 0):
 PSYoungGen      total 71680K, used 7157K [0x00000000eb500000, 0x00000000f4100000, 0x0000000100000000)
  eden space 64512K, 0% used [0x00000000eb500000,0x00000000eb500000,0x00000000ef400000)
  from space 7168K, 99% used [0x00000000f3a00000,0x00000000f40fd670,0x00000000f4100000)
  to   space 5120K, 0% used [0x00000000ef400000,0x00000000ef400000,0x00000000ef900000)
 ParOldGen       total 44032K, used 8891K [0x00000000c1e00000, 0x00000000c4900000, 0x00000000eb500000)
  object space 44032K, 20% used [0x00000000c1e00000,0x00000000c26aeff0,0x00000000c4900000)
 Metaspace       used 20881K, capacity 21046K, committed 21248K, reserved 1069056K
  class space    used 2498K, capacity 2554K, committed 2560K, reserved 1048576K
}
Event: 4.309 GC heap before
{Heap before GC invocations=9 (full 1):
 PSYoungGen      total 71680K, used 7157K [0x00000000eb500000, 0x00000000f4100000, 0x0000000100000000)
  eden space 64512K, 0% used [0x00000000eb500000,0x00000000eb500000,0x00000000ef400000)
  from space 7168K, 99% used [0x00000000f3a00000,0x00000000f40fd670,0x00000000f4100000)
  to   space 5120K, 0% used [0x00000000ef400000,0x00000000ef400000,0x00000000ef900000)
 ParOldGen       total 44032K, used 8891K [0x00000000c1e00000, 0x00000000c4900000, 0x00000000eb500000)
  object space 44032K, 20% used [0x00000000c1e00000,0x00000000c26aeff0,0x00000000c4900000)
 Metaspace       used 20881K, capacity 21046K, committed 21248K, reserved 1069056K
  class space    used 2498K, capacity 2554K, committed 2560K, reserved 1048576K

Deoptimization events (10 events):
Event: 4.249 Thread 0x000000001bedf000 Uncommon trap: reason=range_check action=none pc=0x000000000383349c method=sun.reflect.generics.parser.SignatureParser.current()C @ 34
Event: 4.250 Thread 0x000000001bedf000 Uncommon trap: reason=range_check action=none pc=0x000000000383349c method=sun.reflect.generics.parser.SignatureParser.current()C @ 34
Event: 4.251 Thread 0x000000001bedf000 Uncommon trap: reason=range_check action=none pc=0x000000000383349c method=sun.reflect.generics.parser.SignatureParser.current()C @ 34
Event: 4.252 Thread 0x000000001bedf000 Uncommon trap: reason=range_check action=none pc=0x000000000383349c method=sun.reflect.generics.parser.SignatureParser.current()C @ 34
Event: 4.254 Thread 0x000000001bedf000 Uncommon trap: reason=range_check action=none pc=0x000000000383349c method=sun.reflect.generics.parser.SignatureParser.current()C @ 34
Event: 4.255 Thread 0x000000001bedf000 Uncommon trap: reason=range_check action=none pc=0x000000000383349c method=sun.reflect.generics.parser.SignatureParser.current()C @ 34
Event: 4.258 Thread 0x000000001bedf000 Uncommon trap: reason=range_check action=none pc=0x000000000383349c method=sun.reflect.generics.parser.SignatureParser.current()C @ 34
Event: 4.260 Thread 0x000000001bedf000 Uncommon trap: reason=range_check action=none pc=0x000000000383349c method=sun.reflect.generics.parser.SignatureParser.current()C @ 34
Event: 4.261 Thread 0x000000001bedf000 Uncommon trap: reason=range_check action=none pc=0x000000000383349c method=sun.reflect.generics.parser.SignatureParser.current()C @ 34
Event: 4.262 Thread 0x000000001bedf000 Uncommon trap: reason=range_check action=none pc=0x000000000383349c method=sun.reflect.generics.parser.SignatureParser.current()C @ 34

Classes redefined (0 events):
No events

Internal exceptions (10 events):
Event: 4.249 Thread 0x000000001bedf000 Exception <a 'java/lang/ArrayIndexOutOfBoundsException': 125> (0x00000000eed52ec0) thrown at [C:\re\workspace\8-2-build-windows-amd64-cygwin\jdk8u211\12973\hotspot\src\share\vm\interpreter\interpreterRuntime.cpp, line 368]
Event: 4.250 Thread 0x000000001bedf000 Exception <a 'java/lang/ArrayIndexOutOfBoundsException': 119> (0x00000000eed62c70) thrown at [C:\re\workspace\8-2-build-windows-amd64-cygwin\jdk8u211\12973\hotspot\src\share\vm\interpreter\interpreterRuntime.cpp, line 368]
Event: 4.251 Thread 0x000000001bedf000 Exception <a 'java/lang/ArrayIndexOutOfBoundsException': 119> (0x00000000eed728d0) thrown at [C:\re\workspace\8-2-build-windows-amd64-cygwin\jdk8u211\12973\hotspot\src\share\vm\interpreter\interpreterRuntime.cpp, line 368]
Event: 4.252 Thread 0x000000001bedf000 Exception <a 'java/lang/ArrayIndexOutOfBoundsException': 120> (0x00000000eed82b48) thrown at [C:\re\workspace\8-2-build-windows-amd64-cygwin\jdk8u211\12973\hotspot\src\share\vm\interpreter\interpreterRuntime.cpp, line 368]
Event: 4.254 Thread 0x000000001bedf000 Exception <a 'java/lang/ArrayIndexOutOfBoundsException': 115> (0x00000000eed92928) thrown at [C:\re\workspace\8-2-build-windows-amd64-cygwin\jdk8u211\12973\hotspot\src\share\vm\interpreter\interpreterRuntime.cpp, line 368]
Event: 4.256 Thread 0x000000001bedf000 Exception <a 'java/lang/ArrayIndexOutOfBoundsException': 115> (0x00000000eef61ff0) thrown at [C:\re\workspace\8-2-build-windows-amd64-cygwin\jdk8u211\12973\hotspot\src\share\vm\interpreter\interpreterRuntime.cpp, line 368]
Event: 4.258 Thread 0x000000001bedf000 Exception <a 'java/lang/ArrayIndexOutOfBoundsException': 119> (0x00000000eef721d0) thrown at [C:\re\workspace\8-2-build-windows-amd64-cygwin\jdk8u211\12973\hotspot\src\share\vm\interpreter\interpreterRuntime.cpp, line 368]
Event: 4.260 Thread 0x000000001bedf000 Exception <a 'java/lang/ArrayIndexOutOfBoundsException': 113> (0x00000000eef81d50) thrown at [C:\re\workspace\8-2-build-windows-amd64-cygwin\jdk8u211\12973\hotspot\src\share\vm\interpreter\interpreterRuntime.cpp, line 368]
Event: 4.261 Thread 0x000000001bedf000 Exception <a 'java/lang/ArrayIndexOutOfBoundsException': 109> (0x00000000eef91440) thrown at [C:\re\workspace\8-2-build-windows-amd64-cygwin\jdk8u211\12973\hotspot\src\share\vm\interpreter\interpreterRuntime.cpp, line 368]
Event: 4.262 Thread 0x000000001bedf000 Exception <a 'java/lang/ArrayIndexOutOfBoundsException': 109> (0x00000000eefa0b08) thrown at [C:\re\workspace\8-2-build-windows-amd64-cygwin\jdk8u211\12973\hotspot\src\share\vm\interpreter\interpreterRuntime.cpp, line 368]

Events (10 events):
Event: 4.283 loading class jdk/internal/org/objectweb/asm/AnnotationWriter done
Event: 4.283 loading class java/lang/invoke/MethodHandleImpl$Intrinsic
Event: 4.283 loading class java/lang/invoke/MethodHandleImpl$Intrinsic done
Event: 4.284 loading class java/lang/invoke/InvokerBytecodeGenerator$2
Event: 4.284 loading class java/lang/invoke/InvokerBytecodeGenerator$2 done
Event: 4.284 loading class sun/invoke/util/VerifyType
Event: 4.284 loading class sun/invoke/util/VerifyType done
Event: 4.285 loading class sun/invoke/empty/Empty
Event: 4.285 loading class sun/invoke/empty/Empty done
Event: 4.289 Executing VM operation: CollectForMetadataAllocation


Dynamic libraries:
0x00007ff6f1550000 - 0x00007ff6f1587000 	C:\Program Files\Java\jre1.8.0_211\bin\javaw.exe
0x00007ffdc19b0000 - 0x00007ffdc1b91000 	C:\WINDOWS\SYSTEM32\ntdll.dll
0x00007ffdc0960000 - 0x00007ffdc0a11000 	C:\WINDOWS\System32\KERNEL32.DLL
0x00007ffdbe650000 - 0x00007ffdbe8c3000 	C:\WINDOWS\System32\KERNELBASE.dll
0x00007ffdc1640000 - 0x00007ffdc16e1000 	C:\WINDOWS\System32\ADVAPI32.dll
0x00007ffdc0fd0000 - 0x00007ffdc106e000 	C:\WINDOWS\System32\msvcrt.dll
0x00007ffdbeea0000 - 0x00007ffdbeefb000 	C:\WINDOWS\System32\sechost.dll
0x00007ffdc0830000 - 0x00007ffdc0954000 	C:\WINDOWS\System32\RPCRT4.dll
0x00007ffdc16f0000 - 0x00007ffdc1880000 	C:\WINDOWS\System32\USER32.dll
0x00007ffdbe630000 - 0x00007ffdbe650000 	C:\WINDOWS\System32\win32u.dll
0x00007ffdc0a20000 - 0x00007ffdc0a48000 	C:\WINDOWS\System32\GDI32.dll
0x00007ffdbe490000 - 0x00007ffdbe621000 	C:\WINDOWS\System32\gdi32full.dll
0x00007ffdbe9d0000 - 0x00007ffdbea6f000 	C:\WINDOWS\System32\msvcp_win.dll
0x00007ffdbe8d0000 - 0x00007ffdbe9c8000 	C:\WINDOWS\System32\ucrtbase.dll
0x00007ffda42a0000 - 0x00007ffda4509000 	C:\WINDOWS\WinSxS\amd64_microsoft.windows.common-controls_6595b64144ccf1df_6.0.17134.829_none_fb46a5473061b9d5\COMCTL32.dll
0x00007ffdc1070000 - 0x00007ffdc1392000 	C:\WINDOWS\System32\combase.dll
0x00007ffdbedc0000 - 0x00007ffdbee3a000 	C:\WINDOWS\System32\bcryptPrimitives.dll
0x00007ffdc13c0000 - 0x00007ffdc13ed000 	C:\WINDOWS\System32\IMM32.DLL
0x0000000072a10000 - 0x0000000072ae2000 	C:\Program Files\Java\jre1.8.0_211\bin\msvcr100.dll
0x0000000072cb0000 - 0x0000000073555000 	C:\Program Files\Java\jre1.8.0_211\bin\server\jvm.dll
0x00007ffdc0bb0000 - 0x00007ffdc0bb8000 	C:\WINDOWS\System32\PSAPI.DLL
0x00007ffdb5470000 - 0x00007ffdb547a000 	C:\WINDOWS\SYSTEM32\VERSION.dll
0x00007ffdb91a0000 - 0x00007ffdb91c3000 	C:\WINDOWS\SYSTEM32\WINMM.dll
0x00007ffdba780000 - 0x00007ffdba789000 	C:\WINDOWS\SYSTEM32\WSOCK32.dll
0x00007ffdc1910000 - 0x00007ffdc197c000 	C:\WINDOWS\System32\WS2_32.dll
0x00007ffdb5130000 - 0x00007ffdb515a000 	C:\WINDOWS\SYSTEM32\WINMMBASE.dll
0x00007ffdbea70000 - 0x00007ffdbeab9000 	C:\WINDOWS\System32\cfgmgr32.dll
0x00007ffdba2a0000 - 0x00007ffdba2af000 	C:\Program Files\Java\jre1.8.0_211\bin\verify.dll
0x00007ffdb6af0000 - 0x00007ffdb6b19000 	C:\Program Files\Java\jre1.8.0_211\bin\java.dll
0x00007ffdb06b0000 - 0x00007ffdb06e5000 	C:\Program Files\Java\jre1.8.0_211\bin\jdwp.dll
0x00007ffdba1e0000 - 0x00007ffdba1e8000 	C:\Program Files\Java\jre1.8.0_211\bin\npt.dll
0x00007ffdb92b0000 - 0x00007ffdb92d3000 	C:\Program Files\Java\jre1.8.0_211\bin\instrument.dll
0x00007ffdba1f0000 - 0x00007ffdba206000 	C:\Program Files\Java\jre1.8.0_211\bin\zip.dll
0x00007ffdbf350000 - 0x00007ffdc0790000 	C:\WINDOWS\System32\SHELL32.dll
0x00007ffdc1590000 - 0x00007ffdc1639000 	C:\WINDOWS\System32\shcore.dll
0x00007ffdbdd80000 - 0x00007ffdbe48d000 	C:\WINDOWS\System32\windows.storage.dll
0x00007ffdc0e80000 - 0x00007ffdc0ed1000 	C:\WINDOWS\System32\shlwapi.dll
0x00007ffdbdd40000 - 0x00007ffdbdd51000 	C:\WINDOWS\System32\kernel.appcore.dll
0x00007ffdbdcd0000 - 0x00007ffdbdcef000 	C:\WINDOWS\System32\profapi.dll
0x00007ffdbdcf0000 - 0x00007ffdbdd3c000 	C:\WINDOWS\System32\powrprof.dll
0x00007ffdbdcc0000 - 0x00007ffdbdcca000 	C:\WINDOWS\System32\FLTLIB.DLL
0x00007ffdb9ba0000 - 0x00007ffdb9ba9000 	C:\Program Files\Java\jre1.8.0_211\bin\dt_socket.dll
0x00007ffdba280000 - 0x00007ffdba296000 	C:\WINDOWS\system32\napinsp.dll
0x00007ffdba210000 - 0x00007ffdba22a000 	C:\WINDOWS\system32\pnrpnsp.dll
0x00007ffdba150000 - 0x00007ffdba169000 	C:\WINDOWS\system32\NLAapi.dll
0x00007ffdbd4e0000 - 0x00007ffdbd546000 	C:\WINDOWS\System32\mswsock.dll
0x00007ffdbd2b0000 - 0x00007ffdbd36e000 	C:\WINDOWS\SYSTEM32\DNSAPI.dll
0x00007ffdc1880000 - 0x00007ffdc1888000 	C:\WINDOWS\System32\NSI.dll
0x00007ffdbd270000 - 0x00007ffdbd2a8000 	C:\WINDOWS\SYSTEM32\IPHLPAPI.DLL
0x00007ffdba2f0000 - 0x00007ffdba2fe000 	C:\WINDOWS\System32\winrnr.dll
0x00007ffdb61c0000 - 0x00007ffdb61d5000 	C:\WINDOWS\System32\wshbth.dll
0x00007ffdb7ad0000 - 0x00007ffdb7b42000 	C:\WINDOWS\System32\fwpuclnt.dll
0x00007ffdbd7c0000 - 0x00007ffdbd7e5000 	C:\WINDOWS\SYSTEM32\bcrypt.dll
0x00007ffdb79b0000 - 0x00007ffdb79ba000 	C:\Windows\System32\rasadhlp.dll
0x00007ffdb8e10000 - 0x00007ffdb8e2a000 	C:\Program Files\Java\jre1.8.0_211\bin\net.dll
0x00007ffdb63c0000 - 0x00007ffdb6589000 	C:\WINDOWS\SYSTEM32\urlmon.dll
0x00007ffdb4290000 - 0x00007ffdb4536000 	C:\WINDOWS\SYSTEM32\iertutil.dll
0x00007ffdbd6b0000 - 0x00007ffdbd6bb000 	C:\WINDOWS\SYSTEM32\CRYPTBASE.DLL
0x00007ffdb0a20000 - 0x00007ffdb0a2d000 	C:\Program Files\Java\jre1.8.0_211\bin\management.dll
0x00007ffdb6ad0000 - 0x00007ffdb6ae2000 	C:\Program Files\Java\jre1.8.0_211\bin\nio.dll

VM Arguments:
jvm_args: -agentlib:jdwp=transport=dt_socket,suspend=y,address=localhost:53995 -ea -javaagent:C:\sts-4.2.0.RELEASE\configuration\org.eclipse.osgi\234\0\.cp\lib\javaagent-shaded.jar -Dfile.encoding=UTF-8 
java_command: org.eclipse.jdt.internal.junit.runner.RemoteTestRunner -version 3 -port 53994 -testLoaderClass org.eclipse.jdt.internal.junit4.runner.JUnit4TestLoader -loaderpluginname org.eclipse.jdt.junit4.runtime -classNames com.apptestunitary.controller.PersonSaveTest
java_class_path (initial): C:\Users\Daniela Lima\Documents\workspace-spring-tool-suite-4-4.2.0.RELEASE\app-test-unitary\target\test-classes;C:\Users\Daniela Lima\Documents\workspace-spring-tool-suite-4-4.2.0.RELEASE\app-test-unitary\target\classes;C:\Users\Daniela Lima\.m2\repository\org\springframework\boot\spring-boot-starter-web\1.5.21.RELEASE\spring-boot-starter-web-1.5.21.RELEASE.jar;C:\Users\Daniela Lima\.m2\repository\org\springframework\boot\spring-boot-starter\1.5.21.RELEASE\spring-boot-starter-1.5.21.RELEASE.jar;C:\Users\Daniela Lima\.m2\repository\org\springframework\boot\spring-boot-starter-logging\1.5.21.RELEASE\spring-boot-starter-logging-1.5.21.RELEASE.jar;C:\Users\Daniela Lima\.m2\repository\ch\qos\logback\logback-classic\1.1.11\logback-classic-1.1.11.jar;C:\Users\Daniela Lima\.m2\repository\ch\qos\logback\logback-core\1.1.11\logback-core-1.1.11.jar;C:\Users\Daniela Lima\.m2\repository\org\slf4j\jul-to-slf4j\1.7.26\jul-to-slf4j-1.7.26.jar;C:\Users\Daniela Lima\.m2\repository\org\slf4j\log4j-over-slf4j\1.7.26\log4j-over-slf4j-1.7.26.jar;C:\Users\Daniela Lima\.m2\repository\org\yaml\snakeyaml\1.17\snakeyaml-1.17.jar;C:\Users\Daniela Lima\.m2\repository\org\hibernate\hibernate-validator\5.3.6.Final\hibernate-validator-5.3.6.Final.jar;C:\Users\Daniela Lima\.m2\repository\javax\validation\validation-api\1.1.0.Final\validation-api-1.1.0.Final.jar;C:\Users\Daniela Lima\.m2\repository\org\jboss\logging\jboss-logging\3.3.2.Final\jboss-logging-3.3.2.Final.jar;C:\Users\Daniela Lima\.m2\repository\com\fasterxml\classmate\1.3.4\classmate-1.3.4.jar;C:\Users\Daniela Lima\.m2\repository\com\fasterxml\jackson\core\jackson-databind\2.8.11.3\jackson-databind-2.8.11.3.jar;C:\Users\Daniela Lima\.m2\repository\com\fasterxml\jackson\core\jackson-core\2.8.11\jackson-core-2.8.11.jar;C:\Users\Daniela Lima\.m2\repository\org\springframework\spring-web\4.3.24.RELEASE\spring-web-4.3.24.RELEASE.jar;C:\Users\Daniela Lima\.m2\repository\org\springframework\spring-aop\4.3.24.RELEA
Launcher Type: SUN_STANDARD

Environment Variables:
JAVA_HOME=C:\Program Files\Java\jdk1.8.0_151
JRE_HOME=C:\Program Files\Java\jdk1.8.0_151\jre
CLASSPATH=.;C:\Program Files\Java\jdk1.8.0_151\lib;
PATH=C:/Program Files/Java/jre1.8.0_211/bin/server;C:/Program Files/Java/jre1.8.0_211/bin;C:/Program Files/Java/jre1.8.0_211/lib/amd64;C:\Program Files (x86)\Common Files\Oracle\Java\javapath;C:\ProgramData\Oracle\Java\javapath;C:\Program Files (x86)\Intel\Intel(R) Management Engine Components\iCLS\;C:\Program Files\Intel\Intel(R) Management Engine Components\iCLS\;C:\WINDOWS\system32;C:\WINDOWS;C:\WINDOWS\System32\Wbem;"C:\WINDOWS\System32\WindowsPowerShell\v1.0\;C:\Program Files\Java\jdk1.8.0_151\bin;";C:\Program Files (x86)\Intel\Intel(R) Management Engine Components\DAL;C:\Program Files\Intel\Intel(R) Management Engine Components\DAL;C:\Program Files (x86)\Intel\Intel(R) Management Engine Components\IPT;C:\Program Files\Intel\Intel(R) Management Engine Components\IPT;C:\apache-maven-3.6.0\bin;;C:\WINDOWS\System32\WindowsPowerShell\v1.0\;C:\WINDOWS\System32\OpenSSH\;C:\Users\Daniela Lima\AppData\Local\Microsoft\WindowsApps;;C:\sts-4.2.0.RELEASE;
USERNAME=Daniela Lima
OS=Windows_NT
PROCESSOR_IDENTIFIER=Intel64 Family 6 Model 142 Stepping 10, GenuineIntel



---------------  S Y S T E M  ---------------

OS: Windows 10.0 , 64 bit Build 17134 (10.0.17134.753)

CPU:total 4 (initial active 4) (2 cores per cpu, 2 threads per core) family 6 model 142 stepping 10, cmov, cx8, fxsr, mmx, sse, sse2, sse3, ssse3, sse4.1, sse4.2, popcnt, avx, avx2, aes, clmul, erms, 3dnowpref, lzcnt, ht, tsc, tscinvbit, bmi1, bmi2, adx

Memory: 4k page, physical 4066916k(348036k free), swap 16649828k(5344k free)

vm_info: Java HotSpot(TM) 64-Bit Server VM (25.211-b12) for windows-amd64 JRE (1.8.0_211-b12), built on Apr  1 2019 20:53:26 by "java_re" with MS VC++ 10.0 (VS2010)

time: Tue Jun 18 21:56:50 2019
timezone: Hora oficial do Brasil
elapsed time: 4 seconds (0d 0h 0m 4s)

